\BOOKMARK [0][-]{chapter.1}{\376\377\000D\000i\000a\000c\000a\000m\000m\000a\000\040\000S\000y\000n\000d\000i\000c}{}% 1
\BOOKMARK [1][-]{section.1.1}{\376\377\000P\000r\000\351\000s\000e\000n\000t\000a\000t\000i\000o\000n}{chapter.1}% 2
\BOOKMARK [2][-]{subsection.1.1.1}{\376\377\000D\000e\000s\000c\000r\000i\000p\000t\000i\000o\000n}{section.1.1}% 3
\BOOKMARK [2][-]{subsection.1.1.2}{\376\377\000I\000n\000s\000t\000a\000l\000l\000a\000t\000i\000o\000n}{section.1.1}% 4
\BOOKMARK [2][-]{subsection.1.1.3}{\376\377\000A\000i\000d\000e\000s\000\040\000e\000t\000\040\000s\000u\000p\000p\000o\000r\000t}{section.1.1}% 5
\BOOKMARK [1][-]{section.1.2}{\376\377\000P\000r\000i\000s\000e\000\040\000e\000n\000\040\000m\000a\000i\000n}{chapter.1}% 6
\BOOKMARK [2][-]{subsection.1.2.1}{\376\377\000V\000\351\000r\000i\000f\000i\000e\000z\000\040\000l\000a\000\040\000m\000i\000s\000e\000\040\000\340\000\040\000j\000o\000u\000r\000\040\000d\000e\000\040\000v\000o\000t\000r\000e\000\040\000l\000o\000g\000i\000c\000i\000e\000l}{section.1.2}% 7
\BOOKMARK [2][-]{subsection.1.2.2}{\376\377\000P\000r\000\351\000s\000e\000n\000t\000a\000t\000i\000o\000n\000\040\000d\000e\000\040\000v\000o\000t\000r\000e\000\040\000c\000o\000p\000r\000o\000p\000r\000i\000\351\000t\000\351}{section.1.2}% 8
\BOOKMARK [2][-]{subsection.1.2.3}{\376\377\000C\000r\000\351\000a\000t\000i\000o\000n\000\040\000d\000e\000\040\000v\000o\000t\000r\000e\000\040\000p\000r\000e\000m\000i\000e\000r\000\040\000e\000x\000e\000r\000c\000i\000c\000e\000\040\000c\000o\000m\000p\000t\000a\000b\000l\000e}{section.1.2}% 9
\BOOKMARK [2][-]{subsection.1.2.4}{\376\377\000R\000\351\000g\000l\000a\000g\000e\000\040\000d\000e\000\040\000v\000o\000t\000r\000e\000\040\000c\000o\000p\000r\000o\000p\000r\000i\000\351\000t\000\351}{section.1.2}% 10
\BOOKMARK [2][-]{subsection.1.2.5}{\376\377\000D\000\351\000f\000i\000n\000i\000t\000i\000o\000n\000\040\000d\000e\000s\000\040\000c\000a\000t\000\351\000g\000o\000r\000i\000e\000s\000\040\000d\000e\000\040\000c\000h\000a\000r\000g\000e\000s\000,\000\040\000d\000e\000s\000\040\000l\000o\000t\000s\000\040\000e\000t\000\040\000d\000e\000s\000\040\000t\000a\000n\000t\000i\000\350\000m\000e\000s}{section.1.2}% 11
\BOOKMARK [2][-]{subsection.1.2.6}{\376\377\000M\000i\000s\000e\000\040\000\340\000\040\000j\000o\000u\000r\000\040\000c\000o\000m\000p\000t\000a\000b\000l\000e}{section.1.2}% 12
\BOOKMARK [2][-]{subsection.1.2.7}{\376\377\000L\000e\000\040\000c\000o\000u\000r\000r\000i\000e\000l}{section.1.2}% 13
\BOOKMARK [2][-]{subsection.1.2.8}{\376\377\000L\000e\000s\000\040\000r\000e\000s\000p\000o\000n\000s\000a\000b\000l\000e\000s}{section.1.2}% 14
\BOOKMARK [2][-]{subsection.1.2.9}{\376\377\000L\000a\000\040\000g\000e\000s\000t\000i\000o\000n\000s\000\040\000d\000o\000c\000u\000m\000e\000n\000t\000a\000i\000r\000e}{section.1.2}% 15
\BOOKMARK [0][-]{chapter.2}{\376\377\000D\000i\000a\000c\000a\000m\000m\000a\000\040\000c\000o\000p\000r\000o\000p\000r\000i\000\351\000t\000\351}{}% 16
\BOOKMARK [1][-]{section.2.1}{\376\377\000L\000e\000s\000\040\000c\000o\000p\000r\000o\000p\000r\000i\000\351\000t\000a\000i\000r\000e\000s}{chapter.2}% 17
\BOOKMARK [2][-]{subsection.2.1.1}{\376\377\000L\000e\000s\000\040\000l\000o\000t\000s}{section.2.1}% 18
\BOOKMARK [1][-]{section.2.2}{\376\377\000L\000e\000s\000\040\000c\000a\000t\000\351\000g\000o\000r\000i\000e\000s\000\040\000d\000e\000\040\000c\000h\000a\000r\000g\000e\000s}{chapter.2}% 19
\BOOKMARK [2][-]{subsection.2.2.1}{\376\377\000C\000h\000a\000r\000g\000e\000s\000\040\000c\000o\000u\000r\000a\000n\000t\000e\000s\000\040\000e\000t\000\040\000c\000h\000a\000r\000g\000e\000s\000\040\000e\000x\000c\000e\000p\000t\000i\000o\000n\000n\000e\000l\000l\000e\000s}{section.2.2}% 20
\BOOKMARK [2][-]{subsection.2.2.2}{\376\377\000L\000a\000\040\000r\000\351\000p\000a\000r\000t\000i\000t\000i\000o\000n}{section.2.2}% 21
\BOOKMARK [2][-]{subsection.2.2.3}{\376\377\000L\000e\000s\000\040\000b\000u\000d\000g\000e\000t\000s\000\040\000p\000r\000\351\000v\000i\000s\000i\000o\000n\000n\000e\000l\000s}{section.2.2}% 22
\BOOKMARK [1][-]{section.2.3}{\376\377\000L\000e\000s\000\040\000a\000p\000p\000e\000l\000s\000\040\000d\000e\000\040\000f\000o\000n\000d\000s}{chapter.2}% 23
\BOOKMARK [1][-]{section.2.4}{\376\377\000L\000e\000\040\000s\000u\000i\000v\000i\000\040\000d\000e\000s\000\040\000c\000o\000p\000r\000o\000p\000r\000i\000\351\000t\000a\000i\000r\000e\000s}{chapter.2}% 24
\BOOKMARK [1][-]{section.2.5}{\376\377\000L\000e\000s\000\040\000d\000\351\000p\000e\000n\000s\000e\000s}{chapter.2}% 25
\BOOKMARK [1][-]{section.2.6}{\376\377\000L\000e\000s\000\040\000r\000a\000p\000p\000o\000r\000t\000s}{chapter.2}% 26
\BOOKMARK [2][-]{subsection.2.6.1}{\376\377\000\311\000t\000a\000t\000\040\000f\000i\000n\000a\000n\000c\000i\000e\000r}{section.2.6}% 27
\BOOKMARK [2][-]{subsection.2.6.2}{\376\377\000C\000o\000m\000p\000t\000e\000\040\000d\000e\000\040\000g\000e\000s\000t\000i\000o\000n\000\040\000g\000\351\000n\000\351\000r\000a\000l\000e}{section.2.6}% 28
\BOOKMARK [2][-]{subsection.2.6.3}{\376\377\000C\000o\000m\000p\000t\000e\000\040\000d\000e\000\040\000g\000e\000s\000t\000i\000o\000n\000\040\000p\000o\000u\000r\000\040\000o\000p\000\351\000r\000a\000t\000i\000o\000n\000s\000\040\000c\000o\000u\000r\000a\000n\000t\000e\000s}{section.2.6}% 29
\BOOKMARK [2][-]{subsection.2.6.4}{\376\377\000C\000o\000m\000p\000t\000e\000\040\000d\000e\000\040\000g\000e\000s\000t\000i\000o\000n\000\040\000p\000o\000u\000r\000\040\000o\000p\000\351\000r\000a\000t\000i\000o\000n\000s\000\040\000e\000x\000c\000e\000p\000t\000i\000o\000n\000n\000e\000l\000l\000e\000s}{section.2.6}% 30
\BOOKMARK [0][-]{chapter.3}{\376\377\000D\000i\000a\000c\000a\000m\000m\000a\000\040\000c\000o\000m\000p\000t\000a\000b\000i\000l\000i\000t\000\351}{}% 31
\BOOKMARK [1][-]{section.3.1}{\376\377\000D\000e\000f\000i\000n\000i\000t\000i\000o\000n\000s}{chapter.3}% 32
\BOOKMARK [2][-]{subsection.3.1.1}{\376\377\000E\000x\000e\000r\000c\000i\000c\000e\000\040\000c\000o\000m\000p\000t\000a\000b\000l\000e}{section.3.1}% 33
\BOOKMARK [2][-]{subsection.3.1.2}{\376\377\000T\000i\000e\000r\000s\000\040\000c\000o\000m\000p\000t\000a\000b\000l\000e}{section.3.1}% 34
\BOOKMARK [2][-]{subsection.3.1.3}{\376\377\000J\000o\000u\000r\000n\000a\000u\000x\000\040\000c\000o\000m\000p\000t\000a\000b\000l\000e\000s}{section.3.1}% 35
\BOOKMARK [2][-]{subsection.3.1.4}{\376\377\000E\000c\000r\000i\000t\000u\000r\000e\000s\000\040\000c\000o\000m\000p\000t\000a\000b\000l\000e\000s}{section.3.1}% 36
\BOOKMARK [2][-]{subsection.3.1.5}{\376\377\000P\000l\000a\000n\000\040\000c\000o\000m\000p\000t\000a\000b\000l\000e\000\040\000d\000e\000\040\000l\040\031\000e\000x\000e\000r\000c\000i\000c\000e}{section.3.1}% 37
\BOOKMARK [1][-]{section.3.2}{\376\377\000E\000x\000e\000r\000c\000i\000c\000e\000\040\000c\000o\000m\000p\000t\000a\000b\000l\000e}{chapter.3}% 38
\BOOKMARK [2][-]{subsection.3.2.1}{\376\377\000P\000a\000r\000a\000m\000\351\000t\000r\000a\000g\000e\000s}{section.3.2}% 39
\BOOKMARK [2][-]{subsection.3.2.2}{\376\377\000C\000r\000\351\000a\000t\000i\000o\000n\000\040\000d\040\031\000u\000n\000\040\000e\000x\000e\000r\000c\000i\000c\000e\000\040\000c\000o\000m\000p\000t\000a\000b\000l\000e}{section.3.2}% 40
\BOOKMARK [2][-]{subsection.3.2.3}{\376\377\000C\000r\000\351\000a\000t\000i\000o\000n\000,\000\040\000m\000o\000d\000i\000f\000i\000c\000a\000t\000i\000o\000n\000\040\000e\000t\000\040\000\351\000d\000i\000t\000i\000o\000n\000\040\000d\000e\000\040\000c\000o\000m\000p\000t\000e\000s\000\040\000d\000u\000\040\000p\000l\000a\000n\000\040\000c\000o\000m\000p\000t\000a\000b\000l\000e}{section.3.2}% 41
\BOOKMARK [2][-]{subsection.3.2.4}{\376\377\000C\000l\000\364\000t\000u\000r\000e\000\040\000d\040\031\000u\000n\000\040\000e\000x\000e\000r\000c\000i\000c\000e}{section.3.2}% 42
\BOOKMARK [1][-]{section.3.3}{\376\377\000T\000i\000e\000r\000s\000\040\000c\000o\000m\000p\000t\000a\000b\000l\000e}{chapter.3}% 43
\BOOKMARK [2][-]{subsection.3.3.1}{\376\377\000C\000r\000\351\000a\000t\000i\000o\000n\000\040\000d\040\031\000u\000n\000\040\000t\000i\000e\000r\000s}{section.3.3}% 44
\BOOKMARK [2][-]{subsection.3.3.2}{\376\377\000S\000i\000t\000u\000a\000t\000i\000o\000n\000\040\000d\040\031\000u\000n\000\040\000t\000i\000e\000r\000s}{section.3.3}% 45
\BOOKMARK [2][-]{subsection.3.3.3}{\376\377\000C\000o\000n\000f\000i\000g\000u\000r\000a\000t\000i\000o\000n}{section.3.3}% 46
\BOOKMARK [1][-]{section.3.4}{\376\377\000\311\000c\000r\000i\000t\000u\000r\000e\000s}{chapter.3}% 47
\BOOKMARK [2][-]{subsection.3.4.1}{\376\377\000S\000a\000i\000s\000i\000e\000\040\000d\040\031\000u\000n\000e\000\040\000\351\000c\000r\000i\000t\000u\000r\000e}{section.3.4}% 48
\BOOKMARK [3][-]{subsubsection.3.4.1.1}{\376\377\000C\000a\000s\000\040\000g\000\351\000n\000\351\000r\000a\000l}{subsection.3.4.1}% 49
\BOOKMARK [3][-]{subsubsection.3.4.1.2}{\376\377\000C\000o\000m\000p\000t\000a\000b\000i\000l\000i\000s\000e\000r\000\040\000u\000n\000\040\000r\000\350\000g\000l\000e\000m\000e\000n\000t}{subsection.3.4.1}% 50
\BOOKMARK [3][-]{subsubsection.3.4.1.3}{\376\377\000\311\000c\000r\000i\000t\000u\000r\000e\000\040\000d\040\031\000\340\000-\000n\000o\000u\000v\000e\000a\000u\000x}{subsection.3.4.1}% 51
\BOOKMARK [2][-]{subsection.3.4.2}{\376\377\000L\000e\000t\000t\000r\000a\000g\000e\000\040\000d\040\031\000\351\000c\000r\000i\000t\000u\000r\000e\000s}{section.3.4}% 52
\BOOKMARK [2][-]{subsection.3.4.3}{\376\377\000V\000a\000l\000i\000d\000a\000t\000i\000o\000n\000\040\000d\040\031\000\351\000c\000r\000i\000t\000u\000r\000e\000s}{section.3.4}% 53
\BOOKMARK [2][-]{subsection.3.4.4}{\376\377\000R\000e\000c\000h\000e\000r\000c\000h\000e\000\040\000d\040\031\000\351\000c\000r\000i\000t\000u\000r\000e\000\050\000s\000\051}{section.3.4}% 54
\BOOKMARK [2][-]{subsection.3.4.5}{\376\377\000I\000m\000p\000o\000r\000t\000\040\000d\040\031\000\351\000c\000r\000i\000t\000u\000r\000e\000s}{section.3.4}% 55
\BOOKMARK [1][-]{section.3.5}{\376\377\000C\000o\000m\000p\000t\000a\000b\000i\000l\000i\000t\000\351\000\040\000a\000n\000a\000l\000y\000t\000i\000q\000u\000e}{chapter.3}% 56
\BOOKMARK [2][-]{subsection.3.5.1}{\376\377\000L\000e\000s\000\040\000c\000o\000d\000e\000s\000\040\000a\000n\000a\000l\000y\000t\000i\000q\000u\000e\000s}{section.3.5}% 57
\BOOKMARK [2][-]{subsection.3.5.2}{\376\377\000I\000m\000p\000u\000t\000a\000t\000i\000o\000n\000\040\000a\000n\000a\000l\000y\000t\000i\000q\000u\000e\000\040\000d\040\031\000u\000n\000e\000\040\000c\000h\000a\000r\000g\000e\000\040\000o\000u\000\040\000d\040\031\000u\000n\000\040\000p\000r\000o\000d\000u\000i\000t}{section.3.5}% 58
\BOOKMARK [2][-]{subsection.3.5.3}{\376\377\000I\000m\000p\000r\000e\000s\000s\000i\000o\000n\000s\000\040\000a\000n\000a\000l\000y\000t\000i\000q\000u\000e\000s}{section.3.5}% 59
\BOOKMARK [1][-]{section.3.6}{\376\377\000M\000o\000d\000\350\000l\000e}{chapter.3}% 60
\BOOKMARK [2][-]{subsection.3.6.1}{\376\377\000D\000\351\000c\000l\000a\000r\000a\000t\000i\000o\000n\000\040\000d\040\031\000u\000n\000\040\000m\000o\000d\000\350\000l\000e}{section.3.6}% 61
\BOOKMARK [2][-]{subsection.3.6.2}{\376\377\000U\000t\000i\000l\000i\000s\000a\000t\000i\000o\000n\000\040\000d\040\031\000u\000n\000\040\000m\000o\000d\000\350\000l\000e}{section.3.6}% 62
\BOOKMARK [1][-]{section.3.7}{\376\377\000B\000u\000d\000g\000e\000t\000\040\000p\000r\000\351\000v\000i\000s\000i\000o\000n\000n\000e\000l}{chapter.3}% 63
\BOOKMARK [2][-]{subsection.3.7.1}{\376\377\000B\000u\000d\000g\000e\000t\000\040\000p\000a\000r\000\040\000a\000n\000a\000l\000y\000t\000i\000q\000u\000e}{section.3.7}% 64
\BOOKMARK [2][-]{subsection.3.7.2}{\376\377\000B\000u\000d\000g\000e\000t\000\040\000p\000a\000r\000\040\000e\000x\000e\000r\000c\000i\000c\000e}{section.3.7}% 65
\BOOKMARK [1][-]{section.3.8}{\376\377\000R\000a\000p\000p\000o\000r\000t\000s}{chapter.3}% 66
\BOOKMARK [2][-]{subsection.3.8.1}{\376\377\000C\000o\000m\000p\000t\000e\000\040\000d\000e\000\040\000r\000\351\000s\000u\000l\000t\000a\000t}{section.3.8}% 67
\BOOKMARK [2][-]{subsection.3.8.2}{\376\377\000B\000i\000l\000a\000n\000\040\000c\000o\000m\000p\000t\000a\000b\000l\000e}{section.3.8}% 68
\BOOKMARK [2][-]{subsection.3.8.3}{\376\377\000G\000r\000a\000n\000d\000\040\000l\000i\000v\000r\000e}{section.3.8}% 69
\BOOKMARK [2][-]{subsection.3.8.4}{\376\377\000B\000a\000l\000a\000n\000c\000e}{section.3.8}% 70
\BOOKMARK [2][-]{subsection.3.8.5}{\376\377\000L\000i\000s\000t\000i\000n\000g\000\040\000d\000e\000s\000\040\000\351\000c\000r\000i\000t\000u\000r\000e\000s}{section.3.8}% 71
\BOOKMARK [2][-]{subsection.3.8.6}{\376\377\000L\000i\000s\000t\000i\000n\000g\000\040\000d\000u\000\040\000p\000l\000a\000n\000\040\000c\000o\000m\000p\000t\000a\000b\000l\000e\000\040\000d\000e\000\040\000l\040\031\000e\000x\000e\000r\000c\000i\000c\000e}{section.3.8}% 72
\BOOKMARK [0][-]{chapter.4}{\376\377\000D\000i\000a\000c\000a\000m\000m\000a\000\040\000r\000\350\000g\000l\000e\000m\000e\000n\000t}{}% 73
\BOOKMARK [1][-]{section.4.1}{\376\377\000R\000\350\000g\000l\000e\000m\000e\000n\000t}{chapter.4}% 74
\BOOKMARK [1][-]{section.4.2}{\376\377\000D\000\351\000p\000\364\000t\000\040\000d\000e\000\040\000c\000h\000\350\000q\000u\000e\000s}{chapter.4}% 75
\BOOKMARK [1][-]{section.4.3}{\376\377\000C\000o\000n\000f\000i\000g\000u\000r\000a\000t\000i\000o\000n}{chapter.4}% 76
\BOOKMARK [2][-]{subsection.4.3.1}{\376\377\000C\000o\000m\000p\000t\000e\000\040\000b\000a\000n\000c\000a\000i\000r\000e}{section.4.3}% 77
\BOOKMARK [2][-]{subsection.4.3.2}{\376\377\000M\000o\000y\000e\000n\000\040\000d\000e\000\040\000p\000a\000i\000e\000m\000e\000n\000t}{section.4.3}% 78
\BOOKMARK [2][-]{subsection.4.3.3}{\376\377\000P\000a\000r\000a\000m\000\350\000t\000r\000e\000s}{section.4.3}% 79
\BOOKMARK [0][-]{chapter.5}{\376\377\000L\000u\000c\000t\000e\000r\000i\000o\000s\000\040\000c\000o\000n\000t\000a\000c\000t\000s}{}% 80
\BOOKMARK [1][-]{section.5.1}{\376\377\000L\000e\000s\000\040\000c\000o\000n\000t\000a\000c\000t\000\040\000p\000h\000y\000s\000i\000q\000u\000e\000s}{chapter.5}% 81
\BOOKMARK [2][-]{subsection.5.1.1}{\376\377\000L\000i\000s\000t\000e\000\040\000d\000e\000\040\000v\000o\000s\000\040\000c\000o\000n\000t\000a\000c\000t\000s\000\040\000p\000h\000y\000s\000i\000q\000u\000e\000s}{section.5.1}% 82
\BOOKMARK [2][-]{subsection.5.1.2}{\376\377\000E\000d\000i\000t\000i\000o\000n\000\040\000d\040\031\000u\000n\000\040\000c\000o\000n\000t\000a\000c\000t\000\040\000p\000h\000y\000s\000i\000q\000u\000e}{section.5.1}% 83
\BOOKMARK [2][-]{subsection.5.1.3}{\376\377\000V\000i\000s\000u\000a\000l\000i\000s\000a\000t\000i\000o\000n\000\040\000d\040\031\000u\000n\000\040\000c\000o\000n\000t\000a\000c\000t\000\040\000p\000h\000y\000s\000i\000q\000u\000e}{section.5.1}% 84
\BOOKMARK [2][-]{subsection.5.1.4}{\376\377\000R\000e\000c\000h\000e\000r\000c\000h\000e\000\040\000d\040\031\000u\000n\000\040\000c\000o\000n\000t\000a\000c\000t\000\040\000p\000h\000y\000s\000i\000q\000u\000e}{section.5.1}% 85
\BOOKMARK [1][-]{section.5.2}{\376\377\000L\000e\000s\000\040\000c\000o\000n\000t\000a\000c\000t\000s\000\040\000m\000o\000r\000a\000u\000x}{chapter.5}% 86
\BOOKMARK [2][-]{subsection.5.2.1}{\376\377\000L\000i\000s\000t\000e\000\040\000d\000e\000\040\000v\000o\000s\000\040\000c\000o\000n\000t\000a\000c\000t\000s\000\040\000m\000o\000r\000a\000u\000x}{section.5.2}% 87
\BOOKMARK [2][-]{subsection.5.2.2}{\376\377\000E\000d\000i\000t\000i\000o\000n\000\040\000d\040\031\000u\000n\000\040\000c\000o\000n\000t\000a\000c\000t\000\040\000m\000o\000r\000a\000l}{section.5.2}% 88
\BOOKMARK [2][-]{subsection.5.2.3}{\376\377\000V\000i\000s\000u\000a\000l\000i\000s\000a\000t\000i\000o\000n\000\040\000d\040\031\000u\000n\000\040\000c\000o\000n\000t\000a\000c\000t\000\040\000m\000o\000r\000a\000l}{section.5.2}% 89
\BOOKMARK [2][-]{subsection.5.2.4}{\376\377\000R\000e\000s\000p\000o\000n\000s\000a\000b\000l\000e\000s\000\040\000d\040\031\000u\000n\000\040\000c\000o\000n\000t\000a\000c\000t\000\040\000m\000o\000r\000a\000l}{section.5.2}% 90
\BOOKMARK [2][-]{subsection.5.2.5}{\376\377\000R\000e\000c\000h\000e\000r\000c\000h\000e\000\040\000d\040\031\000u\000n\000\040\000c\000o\000n\000t\000a\000c\000t\000\040\000m\000o\000r\000a\000l}{section.5.2}% 91
\BOOKMARK [1][-]{section.5.3}{\376\377\000C\000o\000n\000f\000i\000g\000u\000r\000a\000t\000i\000o\000n\000\040\000e\000t\000\040\000p\000a\000r\000a\000m\000\351\000t\000r\000a\000g\000e}{chapter.5}% 92
\BOOKMARK [2][-]{subsection.5.3.1}{\376\377\000C\000o\000n\000f\000i\000g\000u\000r\000a\000t\000i\000o\000n\000\040\000d\000e\000s\000\040\000c\000o\000n\000t\000a\000c\000t\000s}{section.5.3}% 93
\BOOKMARK [2][-]{subsection.5.3.2}{\376\377\000C\000o\000d\000e\000s\000\040\000p\000o\000s\000t\000a\000u\000x\000/\000v\000i\000l\000l\000e\000s}{section.5.3}% 94
\BOOKMARK [0][-]{chapter.6}{\376\377\000L\000u\000c\000t\000e\000r\000i\000o\000s\000\040\000c\000o\000u\000r\000i\000e\000r}{}% 95
\BOOKMARK [1][-]{section.6.1}{\376\377\000P\000u\000b\000l\000i\000p\000o\000s\000t\000a\000g\000e}{chapter.6}% 96
\BOOKMARK [2][-]{subsection.6.1.1}{\376\377\000C\000r\000\351\000a\000t\000i\000o\000n\000\040\000d\040\031\000u\000n\000\040\000m\000e\000s\000s\000a\000g\000e}{section.6.1}% 97
\BOOKMARK [2][-]{subsection.6.1.2}{\376\377\000V\000a\000l\000i\000d\000a\000t\000i\000o\000n\000\040\000\046\000\040\000t\000r\000a\000n\000s\000m\000i\000s\000s\000i\000o\000n}{section.6.1}% 98
\BOOKMARK [1][-]{section.6.2}{\376\377\000C\000o\000n\000f\000i\000g\000u\000r\000a\000t\000i\000o\000n\000\040\000d\000u\000\040\000c\000o\000u\000r\000i\000e\000l}{chapter.6}% 99
\BOOKMARK [0][-]{chapter.7}{\376\377\000L\000u\000c\000t\000e\000r\000i\000o\000s\000\040\000d\000o\000c\000u\000m\000e\000n\000t\000s}{}% 100
\BOOKMARK [1][-]{section.7.1}{\376\377\000F\000i\000c\000h\000i\000e\000r\000s\000\040\000p\000a\000r\000t\000a\000g\000\351\000s}{chapter.7}% 101
\BOOKMARK [2][-]{subsection.7.1.1}{\376\377\000L\000i\000s\000t\000e\000\040\000d\000e\000s\000\040\000d\000o\000c\000u\000m\000e\000n\000t\000s}{section.7.1}% 102
\BOOKMARK [2][-]{subsection.7.1.2}{\376\377\000R\000e\000c\000h\000e\000r\000c\000h\000e\000\040\000d\000e\000\040\000d\000o\000c\000u\000m\000e\000n\000t\000s}{section.7.1}% 103
\BOOKMARK [1][-]{section.7.2}{\376\377\000E\000d\000i\000t\000e\000u\000r\000\040\000d\000e\000\040\000d\000o\000c\000u\000m\000e\000n\000t\000s}{chapter.7}% 104
\BOOKMARK [2][-]{subsection.7.2.1}{\376\377\000e\000t\000h\000e\000r\000p\000a\000d}{section.7.2}% 105
\BOOKMARK [2][-]{subsection.7.2.2}{\376\377\000e\000t\000h\000e\000r\000c\000a\000l\000c}{section.7.2}% 106
\BOOKMARK [1][-]{section.7.3}{\376\377\000C\000o\000n\000f\000i\000g\000u\000r\000a\000t\000i\000o\000n}{chapter.7}% 107
\BOOKMARK [2][-]{subsection.7.3.1}{\376\377\000D\000o\000s\000s\000i\000e\000r\000s}{section.7.3}% 108
\BOOKMARK [0][-]{chapter.8}{\376\377\000C\000o\000e\000u\000r\000\040\000L\000u\000c\000t\000e\000r\000i\000o\000s}{}% 109
\BOOKMARK [1][-]{section.8.1}{\376\377\000M\000o\000t\000\040\000d\000e\000\040\000p\000a\000s\000s\000e}{chapter.8}% 110
\BOOKMARK [1][-]{section.8.2}{\376\377\000L\000e\000s\000\040\000g\000r\000o\000u\000p\000e\000s}{chapter.8}% 111
\BOOKMARK [1][-]{section.8.3}{\376\377\000L\000e\000s\000\040\000u\000t\000i\000l\000i\000s\000a\000t\000e\000u\000r\000s}{chapter.8}% 112
\BOOKMARK [1][-]{section.8.4}{\376\377\000L\040\031\000a\000r\000c\000h\000i\000t\000e\000c\000t\000u\000r\000e\000\040\000d\000u\000\040\000l\000o\000g\000i\000c\000i\000e\000l}{chapter.8}% 113
