This file contains any messages produced by compilers while
running configure, to aid debugging if configure makes a mistake.

It was created by meme configure 4.6.0, which was
generated by GNU Autoconf 2.59.  Invocation command line was

  $ ./configure 

## --------- ##
## Platform. ##
## --------- ##

hostname = gimme
uname -m = x86_64
uname -r = 4.15.0-23-generic
uname -s = Linux
uname -v = #25-Ubuntu SMP Wed May 23 18:02:16 UTC 2018

/usr/bin/uname -p = unknown
/bin/uname -X     = unknown

/bin/arch              = unknown
/usr/bin/arch -k       = unknown
/usr/convex/getsysinfo = unknown
hostinfo               = unknown
/bin/machine           = unknown
/usr/bin/oslevel       = unknown
/bin/universe          = unknown

PATH: /home/simon/bin/homer/bin
PATH: /home/simon/bin/homer/bin
PATH: /home/simon/bin/homer/bin
PATH: /home/simon/bin/homer/bin
PATH: /usr/local/sbin
PATH: /usr/local/bin
PATH: /usr/sbin
PATH: /usr/bin
PATH: /sbin
PATH: /bin
PATH: /usr/games
PATH: /usr/local/games
PATH: /snap/bin
PATH: /home/simon/.rvm/bin
PATH: /home/simon/bin
PATH: /home/simon/.rvm/bin
PATH: .
PATH: /home/simon/.bds
PATH: /home/simon/bin
PATH: /home/simon/.rvm/bin
PATH: .
PATH: /home/simon/.bds
PATH: /home/simon/bin
PATH: /home/simon/.rvm/bin
PATH: .
PATH: /home/simon/.bds
PATH: /home/simon/bin
PATH: /home/simon/.rvm/bin
PATH: .
PATH: /home/simon/.bds


## ----------- ##
## Core tests. ##
## ----------- ##

configure:1575: checking for a BSD-compatible install
configure:1630: result: /usr/bin/install -c
configure:1641: checking whether build environment is sane
configure:1684: result: yes
configure:1749: checking for gawk
configure:1765: found /usr/bin/gawk
configure:1775: result: gawk
configure:1785: checking whether make sets $(MAKE)
configure:1805: result: yes
configure:1968: checking how to create a pax tar archive
configure:1981: tar --version
tar (GNU tar) 1.29
Copyright (C) 2015 Free Software Foundation, Inc.
License GPLv3+: GNU GPL version 3 or later <http://gnu.org/licenses/gpl.html>.
This is free software: you are free to change and redistribute it.
There is NO WARRANTY, to the extent permitted by law.

Written by John Gilmore and Jay Fenlason.
configure:1984: $? = 0
configure:2024: tardir=conftest.dir && eval tar --format=posix -chf - "$tardir" >conftest.tar
configure:2027: $? = 0
configure:2031: tar -xf - <conftest.tar
configure:2034: $? = 0
configure:2047: result: gnutar
configure:2069: checking for style of include used by make
configure:2097: result: GNU
configure:2168: checking for gcc
configure:2184: found /usr/bin/gcc
configure:2194: result: gcc
configure:2438: checking for C compiler version
configure:2441: gcc --version </dev/null >&5
gcc (Ubuntu 7.3.0-16ubuntu3) 7.3.0
Copyright (C) 2017 Free Software Foundation, Inc.
This is free software; see the source for copying conditions.  There is NO
warranty; not even for MERCHANTABILITY or FITNESS FOR A PARTICULAR PURPOSE.

configure:2444: $? = 0
configure:2446: gcc -v </dev/null >&5
Using built-in specs.
COLLECT_GCC=gcc
COLLECT_LTO_WRAPPER=/usr/lib/gcc/x86_64-linux-gnu/7/lto-wrapper
OFFLOAD_TARGET_NAMES=nvptx-none
OFFLOAD_TARGET_DEFAULT=1
Target: x86_64-linux-gnu
Configured with: ../src/configure -v --with-pkgversion='Ubuntu 7.3.0-16ubuntu3' --with-bugurl=file:///usr/share/doc/gcc-7/README.Bugs --enable-languages=c,ada,c++,go,brig,d,fortran,objc,obj-c++ --prefix=/usr --with-gcc-major-version-only --with-as=/usr/bin/x86_64-linux-gnu-as --with-ld=/usr/bin/x86_64-linux-gnu-ld --program-suffix=-7 --program-prefix=x86_64-linux-gnu- --enable-shared --enable-linker-build-id --libexecdir=/usr/lib --without-included-gettext --enable-threads=posix --libdir=/usr/lib --enable-nls --with-sysroot=/ --enable-clocale=gnu --enable-libstdcxx-debug --enable-libstdcxx-time=yes --with-default-libstdcxx-abi=new --enable-gnu-unique-object --disable-vtable-verify --enable-libmpx --enable-plugin --enable-default-pie --with-system-zlib --with-target-system-zlib --enable-objc-gc=auto --enable-multiarch --disable-werror --with-arch-32=i686 --with-abi=m64 --with-multilib-list=m32,m64,mx32 --enable-multilib --with-tune=generic --enable-offload-targets=nvptx-none --without-cuda-driver --enable-checking=release --build=x86_64-linux-gnu --host=x86_64-linux-gnu --target=x86_64-linux-gnu
Thread model: posix
gcc version 7.3.0 (Ubuntu 7.3.0-16ubuntu3) 
configure:2449: $? = 0
configure:2451: gcc -V </dev/null >&5
gcc: error: unrecognized command line option '-V'
gcc: fatal error: no input files
compilation terminated.
configure:2454: $? = 1
configure:2477: checking for C compiler default output file name
configure:2480: gcc    conftest.c  >&5
configure:2483: $? = 0
configure:2529: result: a.out
configure:2534: checking whether the C compiler works
configure:2540: ./a.out
configure:2543: $? = 0
configure:2560: result: yes
configure:2567: checking whether we are cross compiling
configure:2569: result: no
configure:2572: checking for suffix of executables
configure:2574: gcc -o conftest    conftest.c  >&5
configure:2577: $? = 0
configure:2602: result: 
configure:2608: checking for suffix of object files
configure:2629: gcc -c   conftest.c >&5
configure:2632: $? = 0
configure:2654: result: o
configure:2658: checking whether we are using the GNU C compiler
configure:2682: gcc -c   conftest.c >&5
configure:2688: $? = 0
configure:2692: test -z 
			 || test ! -s conftest.err
configure:2695: $? = 0
configure:2698: test -s conftest.o
configure:2701: $? = 0
configure:2714: result: yes
configure:2720: checking whether gcc accepts -g
configure:2741: gcc -c -g  conftest.c >&5
configure:2747: $? = 0
configure:2751: test -z 
			 || test ! -s conftest.err
configure:2754: $? = 0
configure:2757: test -s conftest.o
configure:2760: $? = 0
configure:2771: result: yes
configure:2788: checking for gcc option to accept ANSI C
configure:2858: gcc  -c -g -O2  conftest.c >&5
configure:2864: $? = 0
configure:2868: test -z 
			 || test ! -s conftest.err
configure:2871: $? = 0
configure:2874: test -s conftest.o
configure:2877: $? = 0
configure:2895: result: none needed
configure:2913: gcc -c -g -O2  conftest.c >&5
conftest.c:2:3: error: unknown type name 'choke'
   choke me
   ^~~~~
conftest.c:2:3: error: expected '=', ',', ';', 'asm' or '__attribute__' at end of input
configure:2919: $? = 1
configure: failed program was:
| #ifndef __cplusplus
|   choke me
| #endif
configure:3054: checking dependency style of gcc
configure:3144: result: gcc3
configure:3162: checking whether gcc and cc understand -c and -o together
configure:3192: gcc -c conftest.c -o conftest.o >&5
configure:3195: $? = 0
configure:3197: gcc -c conftest.c -o conftest.o >&5
configure:3200: $? = 0
configure:3207: cc -c conftest.c >&5
configure:3210: $? = 0
configure:3213: cc -c conftest.c -o conftest.o >&5
configure:3216: $? = 0
configure:3218: cc -c conftest.c -o conftest.o >&5
configure:3221: $? = 0
configure:3239: result: yes
configure:3342: checking build system type
configure:3360: result: x86_64-unknown-linux-gnu
configure:3368: checking host system type
configure:3382: result: x86_64-unknown-linux-gnu
configure:3390: checking for a sed that does not truncate output
configure:3446: result: /bin/sed
configure:3449: checking for egrep
configure:3459: result: grep -E
configure:3475: checking for ld used by gcc
configure:3542: result: /usr/bin/x86_64-linux-gnu-ld
configure:3551: checking if the linker (/usr/bin/x86_64-linux-gnu-ld) is GNU ld
configure:3566: result: yes
configure:3571: checking for /usr/bin/x86_64-linux-gnu-ld option to reload object files
configure:3578: result: -r
configure:3596: checking for BSD-compatible nm
configure:3645: result: /usr/bin/nm -B
configure:3649: checking whether ln -s works
configure:3653: result: yes
configure:3660: checking how to recognise dependent libraries
configure:3836: result: pass_all
configure:3924: gcc -c -g -O2  conftest.c >&5
configure:3927: $? = 0
configure:4073: checking how to run the C preprocessor
configure:4108: gcc -E  conftest.c
configure:4114: $? = 0
configure:4146: gcc -E  conftest.c
conftest.c:11:10: fatal error: ac_nonexistent.h: No such file or directory
 #include <ac_nonexistent.h>
          ^~~~~~~~~~~~~~~~~~
compilation terminated.
configure:4152: $? = 1
configure: failed program was:
| /* confdefs.h.  */
| 
| #define PACKAGE_NAME "meme"
| #define PACKAGE_TARNAME "meme"
| #define PACKAGE_VERSION "4.6.0"
| #define PACKAGE_STRING "meme 4.6.0"
| #define PACKAGE_BUGREPORT ""
| #define PACKAGE "meme"
| #define VERSION "4.6.0"
| /* end confdefs.h.  */
| #include <ac_nonexistent.h>
configure:4191: result: gcc -E
configure:4215: gcc -E  conftest.c
configure:4221: $? = 0
configure:4253: gcc -E  conftest.c
conftest.c:11:10: fatal error: ac_nonexistent.h: No such file or directory
 #include <ac_nonexistent.h>
          ^~~~~~~~~~~~~~~~~~
compilation terminated.
configure:4259: $? = 1
configure: failed program was:
| /* confdefs.h.  */
| 
| #define PACKAGE_NAME "meme"
| #define PACKAGE_TARNAME "meme"
| #define PACKAGE_VERSION "4.6.0"
| #define PACKAGE_STRING "meme 4.6.0"
| #define PACKAGE_BUGREPORT ""
| #define PACKAGE "meme"
| #define VERSION "4.6.0"
| /* end confdefs.h.  */
| #include <ac_nonexistent.h>
configure:4303: checking for ANSI C header files
configure:4328: gcc -c -g -O2  conftest.c >&5
configure:4334: $? = 0
configure:4338: test -z 
			 || test ! -s conftest.err
configure:4341: $? = 0
configure:4344: test -s conftest.o
configure:4347: $? = 0
configure:4436: gcc -o conftest -g -O2   conftest.c  >&5
conftest.c: In function 'main':
conftest.c:28:7: warning: implicit declaration of function 'exit' [-Wimplicit-function-declaration]
       exit(2);
       ^~~~
conftest.c:28:7: warning: incompatible implicit declaration of built-in function 'exit'
conftest.c:28:7: note: include '<stdlib.h>' or provide a declaration of 'exit'
conftest.c:29:3: warning: incompatible implicit declaration of built-in function 'exit'
   exit (0);
   ^~~~
conftest.c:29:3: note: include '<stdlib.h>' or provide a declaration of 'exit'
configure:4439: $? = 0
configure:4441: ./conftest
configure:4444: $? = 0
configure:4459: result: yes
configure:4483: checking for sys/types.h
configure:4499: gcc -c -g -O2  conftest.c >&5
configure:4505: $? = 0
configure:4509: test -z 
			 || test ! -s conftest.err
configure:4512: $? = 0
configure:4515: test -s conftest.o
configure:4518: $? = 0
configure:4529: result: yes
configure:4483: checking for sys/stat.h
configure:4499: gcc -c -g -O2  conftest.c >&5
configure:4505: $? = 0
configure:4509: test -z 
			 || test ! -s conftest.err
configure:4512: $? = 0
configure:4515: test -s conftest.o
configure:4518: $? = 0
configure:4529: result: yes
configure:4483: checking for stdlib.h
configure:4499: gcc -c -g -O2  conftest.c >&5
configure:4505: $? = 0
configure:4509: test -z 
			 || test ! -s conftest.err
configure:4512: $? = 0
configure:4515: test -s conftest.o
configure:4518: $? = 0
configure:4529: result: yes
configure:4483: checking for string.h
configure:4499: gcc -c -g -O2  conftest.c >&5
configure:4505: $? = 0
configure:4509: test -z 
			 || test ! -s conftest.err
configure:4512: $? = 0
configure:4515: test -s conftest.o
configure:4518: $? = 0
configure:4529: result: yes
configure:4483: checking for memory.h
configure:4499: gcc -c -g -O2  conftest.c >&5
configure:4505: $? = 0
configure:4509: test -z 
			 || test ! -s conftest.err
configure:4512: $? = 0
configure:4515: test -s conftest.o
configure:4518: $? = 0
configure:4529: result: yes
configure:4483: checking for strings.h
configure:4499: gcc -c -g -O2  conftest.c >&5
configure:4505: $? = 0
configure:4509: test -z 
			 || test ! -s conftest.err
configure:4512: $? = 0
configure:4515: test -s conftest.o
configure:4518: $? = 0
configure:4529: result: yes
configure:4483: checking for inttypes.h
configure:4499: gcc -c -g -O2  conftest.c >&5
configure:4505: $? = 0
configure:4509: test -z 
			 || test ! -s conftest.err
configure:4512: $? = 0
configure:4515: test -s conftest.o
configure:4518: $? = 0
configure:4529: result: yes
configure:4483: checking for stdint.h
configure:4499: gcc -c -g -O2  conftest.c >&5
configure:4505: $? = 0
configure:4509: test -z 
			 || test ! -s conftest.err
configure:4512: $? = 0
configure:4515: test -s conftest.o
configure:4518: $? = 0
configure:4529: result: yes
configure:4483: checking for unistd.h
configure:4499: gcc -c -g -O2  conftest.c >&5
configure:4505: $? = 0
configure:4509: test -z 
			 || test ! -s conftest.err
configure:4512: $? = 0
configure:4515: test -s conftest.o
configure:4518: $? = 0
configure:4529: result: yes
configure:4555: checking dlfcn.h usability
configure:4567: gcc -c -g -O2  conftest.c >&5
configure:4573: $? = 0
configure:4577: test -z 
			 || test ! -s conftest.err
configure:4580: $? = 0
configure:4583: test -s conftest.o
configure:4586: $? = 0
configure:4596: result: yes
configure:4600: checking dlfcn.h presence
configure:4610: gcc -E  conftest.c
configure:4616: $? = 0
configure:4636: result: yes
configure:4671: checking for dlfcn.h
configure:4678: result: yes
configure:4743: checking for g++
configure:4759: found /usr/bin/g++
configure:4769: result: g++
configure:4785: checking for C++ compiler version
configure:4788: g++ --version </dev/null >&5
g++ (Ubuntu 7.3.0-16ubuntu3) 7.3.0
Copyright (C) 2017 Free Software Foundation, Inc.
This is free software; see the source for copying conditions.  There is NO
warranty; not even for MERCHANTABILITY or FITNESS FOR A PARTICULAR PURPOSE.

configure:4791: $? = 0
configure:4793: g++ -v </dev/null >&5
Using built-in specs.
COLLECT_GCC=g++
COLLECT_LTO_WRAPPER=/usr/lib/gcc/x86_64-linux-gnu/7/lto-wrapper
OFFLOAD_TARGET_NAMES=nvptx-none
OFFLOAD_TARGET_DEFAULT=1
Target: x86_64-linux-gnu
Configured with: ../src/configure -v --with-pkgversion='Ubuntu 7.3.0-16ubuntu3' --with-bugurl=file:///usr/share/doc/gcc-7/README.Bugs --enable-languages=c,ada,c++,go,brig,d,fortran,objc,obj-c++ --prefix=/usr --with-gcc-major-version-only --with-as=/usr/bin/x86_64-linux-gnu-as --with-ld=/usr/bin/x86_64-linux-gnu-ld --program-suffix=-7 --program-prefix=x86_64-linux-gnu- --enable-shared --enable-linker-build-id --libexecdir=/usr/lib --without-included-gettext --enable-threads=posix --libdir=/usr/lib --enable-nls --with-sysroot=/ --enable-clocale=gnu --enable-libstdcxx-debug --enable-libstdcxx-time=yes --with-default-libstdcxx-abi=new --enable-gnu-unique-object --disable-vtable-verify --enable-libmpx --enable-plugin --enable-default-pie --with-system-zlib --with-target-system-zlib --enable-objc-gc=auto --enable-multiarch --disable-werror --with-arch-32=i686 --with-abi=m64 --with-multilib-list=m32,m64,mx32 --enable-multilib --with-tune=generic --enable-offload-targets=nvptx-none --without-cuda-driver --enable-checking=release --build=x86_64-linux-gnu --host=x86_64-linux-gnu --target=x86_64-linux-gnu
Thread model: posix
gcc version 7.3.0 (Ubuntu 7.3.0-16ubuntu3) 
configure:4796: $? = 0
configure:4798: g++ -V </dev/null >&5
g++: error: unrecognized command line option '-V'
g++: fatal error: no input files
compilation terminated.
configure:4801: $? = 1
configure:4804: checking whether we are using the GNU C++ compiler
configure:4828: g++ -c   conftest.cc >&5
configure:4834: $? = 0
configure:4838: test -z 
			 || test ! -s conftest.err
configure:4841: $? = 0
configure:4844: test -s conftest.o
configure:4847: $? = 0
configure:4860: result: yes
configure:4866: checking whether g++ accepts -g
configure:4887: g++ -c -g  conftest.cc >&5
configure:4893: $? = 0
configure:4897: test -z 
			 || test ! -s conftest.err
configure:4900: $? = 0
configure:4903: test -s conftest.o
configure:4906: $? = 0
configure:4917: result: yes
configure:4959: g++ -c -g -O2  conftest.cc >&5
configure:4965: $? = 0
configure:4969: test -z 
			 || test ! -s conftest.err
configure:4972: $? = 0
configure:4975: test -s conftest.o
configure:4978: $? = 0
configure:5004: g++ -c -g -O2  conftest.cc >&5
conftest.cc: In function 'int main()':
conftest.cc:26:1: error: 'exit' was not declared in this scope
 exit (42);
 ^~~~
configure:5010: $? = 1
configure: failed program was:
| /* confdefs.h.  */
| 
| #define PACKAGE_NAME "meme"
| #define PACKAGE_TARNAME "meme"
| #define PACKAGE_VERSION "4.6.0"
| #define PACKAGE_STRING "meme 4.6.0"
| #define PACKAGE_BUGREPORT ""
| #define PACKAGE "meme"
| #define VERSION "4.6.0"
| #define STDC_HEADERS 1
| #define HAVE_SYS_TYPES_H 1
| #define HAVE_SYS_STAT_H 1
| #define HAVE_STDLIB_H 1
| #define HAVE_STRING_H 1
| #define HAVE_MEMORY_H 1
| #define HAVE_STRINGS_H 1
| #define HAVE_INTTYPES_H 1
| #define HAVE_STDINT_H 1
| #define HAVE_UNISTD_H 1
| #define HAVE_DLFCN_H 1
| /* end confdefs.h.  */
| 
| int
| main ()
| {
| exit (42);
|   ;
|   return 0;
| }
configure:4959: g++ -c -g -O2  conftest.cc >&5
configure:4965: $? = 0
configure:4969: test -z 
			 || test ! -s conftest.err
configure:4972: $? = 0
configure:4975: test -s conftest.o
configure:4978: $? = 0
configure:5004: g++ -c -g -O2  conftest.cc >&5
configure:5010: $? = 0
configure:5014: test -z 
			 || test ! -s conftest.err
configure:5017: $? = 0
configure:5020: test -s conftest.o
configure:5023: $? = 0
configure:5048: checking dependency style of g++
configure:5138: result: gcc3
configure:5165: checking how to run the C++ preprocessor
configure:5196: g++ -E  conftest.cc
configure:5202: $? = 0
configure:5234: g++ -E  conftest.cc
conftest.cc:25:10: fatal error: ac_nonexistent.h: No such file or directory
 #include <ac_nonexistent.h>
          ^~~~~~~~~~~~~~~~~~
compilation terminated.
configure:5240: $? = 1
configure: failed program was:
| /* confdefs.h.  */
| 
| #define PACKAGE_NAME "meme"
| #define PACKAGE_TARNAME "meme"
| #define PACKAGE_VERSION "4.6.0"
| #define PACKAGE_STRING "meme 4.6.0"
| #define PACKAGE_BUGREPORT ""
| #define PACKAGE "meme"
| #define VERSION "4.6.0"
| #define STDC_HEADERS 1
| #define HAVE_SYS_TYPES_H 1
| #define HAVE_SYS_STAT_H 1
| #define HAVE_STDLIB_H 1
| #define HAVE_STRING_H 1
| #define HAVE_MEMORY_H 1
| #define HAVE_STRINGS_H 1
| #define HAVE_INTTYPES_H 1
| #define HAVE_STDINT_H 1
| #define HAVE_UNISTD_H 1
| #define HAVE_DLFCN_H 1
| #ifdef __cplusplus
| extern "C" void std::exit (int) throw (); using std::exit;
| #endif
| /* end confdefs.h.  */
| #include <ac_nonexistent.h>
configure:5279: result: g++ -E
configure:5303: g++ -E  conftest.cc
configure:5309: $? = 0
configure:5341: g++ -E  conftest.cc
conftest.cc:25:10: fatal error: ac_nonexistent.h: No such file or directory
 #include <ac_nonexistent.h>
          ^~~~~~~~~~~~~~~~~~
compilation terminated.
configure:5347: $? = 1
configure: failed program was:
| /* confdefs.h.  */
| 
| #define PACKAGE_NAME "meme"
| #define PACKAGE_TARNAME "meme"
| #define PACKAGE_VERSION "4.6.0"
| #define PACKAGE_STRING "meme 4.6.0"
| #define PACKAGE_BUGREPORT ""
| #define PACKAGE "meme"
| #define VERSION "4.6.0"
| #define STDC_HEADERS 1
| #define HAVE_SYS_TYPES_H 1
| #define HAVE_SYS_STAT_H 1
| #define HAVE_STDLIB_H 1
| #define HAVE_STRING_H 1
| #define HAVE_MEMORY_H 1
| #define HAVE_STRINGS_H 1
| #define HAVE_INTTYPES_H 1
| #define HAVE_STDINT_H 1
| #define HAVE_UNISTD_H 1
| #define HAVE_DLFCN_H 1
| #ifdef __cplusplus
| extern "C" void std::exit (int) throw (); using std::exit;
| #endif
| /* end confdefs.h.  */
| #include <ac_nonexistent.h>
configure:5444: checking for g77
configure:5473: result: no
configure:5444: checking for f77
configure:5460: found /usr/bin/f77
configure:5470: result: f77
configure:5485: checking for Fortran 77 compiler version
configure:5488: f77 --version </dev/null >&5
GNU Fortran (Ubuntu 7.3.0-16ubuntu3) 7.3.0
Copyright (C) 2017 Free Software Foundation, Inc.
This is free software; see the source for copying conditions.  There is NO
warranty; not even for MERCHANTABILITY or FITNESS FOR A PARTICULAR PURPOSE.

configure:5491: $? = 0
configure:5493: f77 -v </dev/null >&5
Using built-in specs.
COLLECT_GCC=f77
COLLECT_LTO_WRAPPER=/usr/lib/gcc/x86_64-linux-gnu/7/lto-wrapper
OFFLOAD_TARGET_NAMES=nvptx-none
OFFLOAD_TARGET_DEFAULT=1
Target: x86_64-linux-gnu
Configured with: ../src/configure -v --with-pkgversion='Ubuntu 7.3.0-16ubuntu3' --with-bugurl=file:///usr/share/doc/gcc-7/README.Bugs --enable-languages=c,ada,c++,go,brig,d,fortran,objc,obj-c++ --prefix=/usr --with-gcc-major-version-only --with-as=/usr/bin/x86_64-linux-gnu-as --with-ld=/usr/bin/x86_64-linux-gnu-ld --program-suffix=-7 --program-prefix=x86_64-linux-gnu- --enable-shared --enable-linker-build-id --libexecdir=/usr/lib --without-included-gettext --enable-threads=posix --libdir=/usr/lib --enable-nls --with-sysroot=/ --enable-clocale=gnu --enable-libstdcxx-debug --enable-libstdcxx-time=yes --with-default-libstdcxx-abi=new --enable-gnu-unique-object --disable-vtable-verify --enable-libmpx --enable-plugin --enable-default-pie --with-system-zlib --with-target-system-zlib --enable-objc-gc=auto --enable-multiarch --disable-werror --with-arch-32=i686 --with-abi=m64 --with-multilib-list=m32,m64,mx32 --enable-multilib --with-tune=generic --enable-offload-targets=nvptx-none --without-cuda-driver --enable-checking=release --build=x86_64-linux-gnu --host=x86_64-linux-gnu --target=x86_64-linux-gnu
Thread model: posix
gcc version 7.3.0 (Ubuntu 7.3.0-16ubuntu3) 
configure:5496: $? = 0
configure:5498: f77 -V </dev/null >&5
f77: error: unrecognized command line option '-V'
f77: fatal error: no input files
compilation terminated.
configure:5501: $? = 1
configure:5509: checking whether we are using the GNU Fortran 77 compiler
configure:5523: f77 -c  conftest.F >&5
configure:5529: $? = 0
configure:5533: test -z 
			 || test ! -s conftest.err
configure:5536: $? = 0
configure:5539: test -s conftest.o
configure:5542: $? = 0
configure:5555: result: yes
configure:5561: checking whether f77 accepts -g
configure:5573: f77 -c -g conftest.f >&5
configure:5579: $? = 0
configure:5583: test -z 
			 || test ! -s conftest.err
configure:5586: $? = 0
configure:5589: test -s conftest.o
configure:5592: $? = 0
configure:5604: result: yes
configure:5634: checking the maximum length of command line arguments
configure:5743: result: 32768
configure:5754: checking command to parse /usr/bin/nm -B output from gcc object
configure:5859: gcc -c -g -O2  conftest.c >&5
configure:5862: $? = 0
configure:5866: /usr/bin/nm -B conftest.o \| sed -n -e 's/^.*[ 	]\([ABCDGIRSTW][ABCDGIRSTW]*\)[ 	][ 	]*\([_A-Za-z][_A-Za-z0-9]*\)$/\1 \2 \2/p' \> conftest.nm
configure:5869: $? = 0
configure:5921: gcc -o conftest -g -O2   conftest.c conftstm.o >&5
configure:5924: $? = 0
configure:5962: result: ok
configure:5966: checking for objdir
configure:5981: result: .libs
configure:6071: checking for ar
configure:6087: found /usr/bin/ar
configure:6098: result: ar
configure:6151: checking for ranlib
configure:6167: found /usr/bin/ranlib
configure:6178: result: ranlib
configure:6231: checking for strip
configure:6247: found /usr/bin/strip
configure:6258: result: strip
configure:6530: checking if gcc supports -fno-rtti -fno-exceptions
configure:6548: gcc -c -g -O2  -fno-rtti -fno-exceptions conftest.c >&5
cc1: warning: command line option '-fno-rtti' is valid for C++/ObjC++ but not for C
configure:6552: $? = 0
configure:6565: result: no
configure:6580: checking for gcc option to produce PIC
configure:6790: result: -fPIC
configure:6798: checking if gcc PIC flag -fPIC works
configure:6816: gcc -c -g -O2  -fPIC -DPIC conftest.c >&5
configure:6820: $? = 0
configure:6833: result: yes
configure:6861: checking if gcc static flag -static works
configure:6889: result: yes
configure:6899: checking if gcc supports -c -o file.o
configure:6920: gcc -c -g -O2  -o out/conftest2.o conftest.c >&5
configure:6924: $? = 0
configure:6946: result: yes
configure:6972: checking whether the gcc linker (/usr/bin/x86_64-linux-gnu-ld -m elf_x86_64) supports shared libraries
configure:7930: result: yes
configure:7951: checking whether -lc should be explicitly linked in
configure:7956: gcc -c -g -O2  conftest.c >&5
configure:7959: $? = 0
configure:7974: gcc -shared conftest.o  -v -Wl,-soname -Wl,conftest -o conftest 2\>\&1 \| grep  -lc  \>/dev/null 2\>\&1
configure:7977: $? = 0
configure:7989: result: no
configure:7997: checking dynamic linker characteristics
configure:8390: gcc -c -g -O2  conftest.c >&5
configure:8393: $? = 0
configure:8606: result: GNU/Linux ld.so
configure:8615: checking how to hardcode library paths into programs
configure:8640: result: immediate
configure:8654: checking whether stripping libraries is possible
configure:8659: result: yes
configure:9493: checking if libtool supports shared libraries
configure:9495: result: yes
configure:9498: checking whether to build shared libraries
configure:9519: result: yes
configure:9522: checking whether to build static libraries
configure:9526: result: yes
configure:9618: creating libtool
configure:10209: checking for ld used by g++
configure:10276: result: /usr/bin/x86_64-linux-gnu-ld -m elf_x86_64
configure:10285: checking if the linker (/usr/bin/x86_64-linux-gnu-ld -m elf_x86_64) is GNU ld
configure:10300: result: yes
configure:10351: checking whether the g++ linker (/usr/bin/x86_64-linux-gnu-ld -m elf_x86_64) supports shared libraries
configure:11289: result: yes
configure:11307: g++ -c -g -O2  conftest.cpp >&5
configure:11310: $? = 0
configure:11429: checking for g++ option to produce PIC
configure:11703: result: -fPIC
configure:11711: checking if g++ PIC flag -fPIC works
configure:11729: g++ -c -g -O2  -fPIC -DPIC conftest.cpp >&5
configure:11733: $? = 0
configure:11746: result: yes
configure:11774: checking if g++ static flag -static works
configure:11802: result: yes
configure:11812: checking if g++ supports -c -o file.o
configure:11833: g++ -c -g -O2  -o out/conftest2.o conftest.cpp >&5
configure:11837: $? = 0
configure:11859: result: yes
configure:11885: checking whether the g++ linker (/usr/bin/x86_64-linux-gnu-ld -m elf_x86_64) supports shared libraries
configure:11910: result: yes
configure:11977: checking dynamic linker characteristics
configure:12370: g++ -c -g -O2  conftest.cpp >&5
configure:12373: $? = 0
configure:12586: result: GNU/Linux ld.so
configure:12595: checking how to hardcode library paths into programs
configure:12620: result: immediate
configure:13149: checking if libtool supports shared libraries
configure:13151: result: yes
configure:13154: checking whether to build shared libraries
configure:13174: result: yes
configure:13177: checking whether to build static libraries
configure:13181: result: yes
configure:13191: checking for f77 option to produce PIC
configure:13401: result: -fPIC
configure:13409: checking if f77 PIC flag -fPIC works
configure:13427: f77 -c -g -O2 -fPIC conftest.f >&5
configure:13431: $? = 0
configure:13444: result: yes
configure:13472: checking if f77 static flag -static works
configure:13500: result: yes
configure:13510: checking if f77 supports -c -o file.o
configure:13531: f77 -c -g -O2 -o out/conftest2.o conftest.f >&5
configure:13535: $? = 0
configure:13557: result: yes
configure:13583: checking whether the f77 linker (/usr/bin/x86_64-linux-gnu-ld -m elf_x86_64) supports shared libraries
configure:14521: result: yes
configure:14588: checking dynamic linker characteristics
configure:14981: f77 -c -g -O2 conftest.f >&5
conftest.f:1:2:

 #line 14980 "configure"
  1
Warning: Illegal preprocessor directive
configure:14984: $? = 0
configure:15197: result: GNU/Linux ld.so
configure:15206: checking how to hardcode library paths into programs
configure:15231: result: immediate
configure:18837: checking for a BSD-compatible install
configure:18892: result: /usr/bin/install -c
configure:18903: checking whether make sets $(MAKE)
configure:18923: result: yes
configure:18934: checking for ld
configure:18964: result: /usr/bin/x86_64-linux-gnu-ld -m elf_x86_64
configure:18973: checking for sed
configure:19003: result: /bin/sed
configure:19012: checking for mpicc
configure:19045: result: no
configure:19051: checking for mail
configure:19084: result: no
configure:19090: checking for sendmail
configure:19122: result: /usr/lib/sendmail
configure:19131: checking for perl
configure:19149: found /usr/bin/perl
configure:19161: result: /usr/bin/perl
configure:19170: checking for python
configure:19188: found /usr/bin/python
configure:19200: result: /usr/bin/python
configure:19209: checking for convert
configure:19227: found /usr/bin/convert
configure:19239: result: /usr/bin/convert
configure:19248: checking for gs
configure:19266: found /usr/bin/gs
configure:19278: result: /usr/bin/gs
configure:19287: checking for dot
configure:19320: result: no
configure:19326: checking for xml2-config
configure:19359: result: no
configure:19365: checking for xslt-config
configure:19398: result: no
configure:19404: checking for ant
configure:19437: result: no
configure:19450: checking for isnan, sqrt, log, exp, fabs, pow, floor, ceil in -lm
configure:19480: gcc -o conftest -g -O2   conftest.c -lm   >&5
conftest.c:33:6: warning: built-in function 'isnan' declared as non-function
 char isnan, sqrt, log, exp, fabs, pow, floor, ceil ();
      ^~~~~
conftest.c:33:13: warning: built-in function 'sqrt' declared as non-function
 char isnan, sqrt, log, exp, fabs, pow, floor, ceil ();
             ^~~~
conftest.c:33:19: warning: built-in function 'log' declared as non-function
 char isnan, sqrt, log, exp, fabs, pow, floor, ceil ();
                   ^~~
conftest.c:33:24: warning: built-in function 'exp' declared as non-function
 char isnan, sqrt, log, exp, fabs, pow, floor, ceil ();
                        ^~~
conftest.c:33:29: warning: built-in function 'fabs' declared as non-function
 char isnan, sqrt, log, exp, fabs, pow, floor, ceil ();
                             ^~~~
conftest.c:33:35: warning: built-in function 'pow' declared as non-function
 char isnan, sqrt, log, exp, fabs, pow, floor, ceil ();
                                   ^~~
conftest.c:33:40: warning: built-in function 'floor' declared as non-function
 char isnan, sqrt, log, exp, fabs, pow, floor, ceil ();
                                        ^~~~~
conftest.c:33:47: warning: conflicting types for built-in function 'ceil' [-Wbuiltin-declaration-mismatch]
 char isnan, sqrt, log, exp, fabs, pow, floor, ceil ();
                                               ^~~~
configure:19486: $? = 0
configure:19490: test -z 
			 || test ! -s conftest.err
configure:19493: $? = 0
configure:19496: test -s conftest
configure:19499: $? = 0
configure:19512: result: yes
configure:19528: checking for ANSI C header files
configure:19684: result: yes
configure:19694: checking for sys/wait.h that is POSIX.1 compatible
configure:19725: gcc -c -g -O2  conftest.c >&5
configure:19731: $? = 0
configure:19735: test -z 
			 || test ! -s conftest.err
configure:19738: $? = 0
configure:19741: test -s conftest.o
configure:19744: $? = 0
configure:19755: result: yes
configure:19790: checking arpa/inet.h usability
configure:19802: gcc -c -g -O2  conftest.c >&5
configure:19808: $? = 0
configure:19812: test -z 
			 || test ! -s conftest.err
configure:19815: $? = 0
configure:19818: test -s conftest.o
configure:19821: $? = 0
configure:19831: result: yes
configure:19835: checking arpa/inet.h presence
configure:19845: gcc -E  conftest.c
configure:19851: $? = 0
configure:19871: result: yes
configure:19906: checking for arpa/inet.h
configure:19913: result: yes
configure:19790: checking ctype.h usability
configure:19802: gcc -c -g -O2  conftest.c >&5
configure:19808: $? = 0
configure:19812: test -z 
			 || test ! -s conftest.err
configure:19815: $? = 0
configure:19818: test -s conftest.o
configure:19821: $? = 0
configure:19831: result: yes
configure:19835: checking ctype.h presence
configure:19845: gcc -E  conftest.c
configure:19851: $? = 0
configure:19871: result: yes
configure:19906: checking for ctype.h
configure:19913: result: yes
configure:19790: checking fcntl.h usability
configure:19802: gcc -c -g -O2  conftest.c >&5
configure:19808: $? = 0
configure:19812: test -z 
			 || test ! -s conftest.err
configure:19815: $? = 0
configure:19818: test -s conftest.o
configure:19821: $? = 0
configure:19831: result: yes
configure:19835: checking fcntl.h presence
configure:19845: gcc -E  conftest.c
configure:19851: $? = 0
configure:19871: result: yes
configure:19906: checking for fcntl.h
configure:19913: result: yes
configure:19790: checking limits.h usability
configure:19802: gcc -c -g -O2  conftest.c >&5
configure:19808: $? = 0
configure:19812: test -z 
			 || test ! -s conftest.err
configure:19815: $? = 0
configure:19818: test -s conftest.o
configure:19821: $? = 0
configure:19831: result: yes
configure:19835: checking limits.h presence
configure:19845: gcc -E  conftest.c
configure:19851: $? = 0
configure:19871: result: yes
configure:19906: checking for limits.h
configure:19913: result: yes
configure:19790: checking netdb.h usability
configure:19802: gcc -c -g -O2  conftest.c >&5
configure:19808: $? = 0
configure:19812: test -z 
			 || test ! -s conftest.err
configure:19815: $? = 0
configure:19818: test -s conftest.o
configure:19821: $? = 0
configure:19831: result: yes
configure:19835: checking netdb.h presence
configure:19845: gcc -E  conftest.c
configure:19851: $? = 0
configure:19871: result: yes
configure:19906: checking for netdb.h
configure:19913: result: yes
configure:19790: checking netinet/in.h usability
configure:19802: gcc -c -g -O2  conftest.c >&5
configure:19808: $? = 0
configure:19812: test -z 
			 || test ! -s conftest.err
configure:19815: $? = 0
configure:19818: test -s conftest.o
configure:19821: $? = 0
configure:19831: result: yes
configure:19835: checking netinet/in.h presence
configure:19845: gcc -E  conftest.c
configure:19851: $? = 0
configure:19871: result: yes
configure:19906: checking for netinet/in.h
configure:19913: result: yes
configure:19781: checking for stdlib.h
configure:19786: result: yes
configure:19781: checking for string.h
configure:19786: result: yes
configure:19781: checking for strings.h
configure:19786: result: yes
configure:19790: checking sys/socket.h usability
configure:19802: gcc -c -g -O2  conftest.c >&5
configure:19808: $? = 0
configure:19812: test -z 
			 || test ! -s conftest.err
configure:19815: $? = 0
configure:19818: test -s conftest.o
configure:19821: $? = 0
configure:19831: result: yes
configure:19835: checking sys/socket.h presence
configure:19845: gcc -E  conftest.c
configure:19851: $? = 0
configure:19871: result: yes
configure:19906: checking for sys/socket.h
configure:19913: result: yes
configure:19790: checking sys/time.h usability
configure:19802: gcc -c -g -O2  conftest.c >&5
configure:19808: $? = 0
configure:19812: test -z 
			 || test ! -s conftest.err
configure:19815: $? = 0
configure:19818: test -s conftest.o
configure:19821: $? = 0
configure:19831: result: yes
configure:19835: checking sys/time.h presence
configure:19845: gcc -E  conftest.c
configure:19851: $? = 0
configure:19871: result: yes
configure:19906: checking for sys/time.h
configure:19913: result: yes
configure:19781: checking for unistd.h
configure:19786: result: yes
configure:19928: checking for an ANSI C-conforming const
configure:19995: gcc -c -g -O2  conftest.c >&5
configure:20001: $? = 0
configure:20005: test -z 
			 || test ! -s conftest.err
configure:20008: $? = 0
configure:20011: test -s conftest.o
configure:20014: $? = 0
configure:20025: result: yes
configure:20035: checking for stdbool.h that conforms to C99
configure:20088: gcc -c -g -O2  conftest.c >&5
conftest.c:67:2: warning: variably modified 'd' at file scope
  char d[(bool) -0.5 == true ? 1 : -1];
  ^~~~
conftest.c:69:2: warning: variably modified 'f' at file scope
  char f[(_Bool) -0.0 == false ? 1 : -1];
  ^~~~
configure:20094: $? = 0
configure:20098: test -z 
			 || test ! -s conftest.err
configure:20101: $? = 0
configure:20104: test -s conftest.o
configure:20107: $? = 0
configure:20118: result: yes
configure:20120: checking for _Bool
configure:20144: gcc -c -g -O2  conftest.c >&5
configure:20150: $? = 0
configure:20154: test -z 
			 || test ! -s conftest.err
configure:20157: $? = 0
configure:20160: test -s conftest.o
configure:20163: $? = 0
configure:20174: result: yes
configure:20193: checking for pid_t
configure:20217: gcc -c -g -O2  conftest.c >&5
configure:20223: $? = 0
configure:20227: test -z 
			 || test ! -s conftest.err
configure:20230: $? = 0
configure:20233: test -s conftest.o
configure:20236: $? = 0
configure:20247: result: yes
configure:20259: checking for size_t
configure:20283: gcc -c -g -O2  conftest.c >&5
configure:20289: $? = 0
configure:20293: test -z 
			 || test ! -s conftest.err
configure:20296: $? = 0
configure:20299: test -s conftest.o
configure:20302: $? = 0
configure:20313: result: yes
configure:20333: checking for unistd.h
configure:20338: result: yes
configure:20342: checking vfork.h usability
configure:20354: gcc -c -g -O2  conftest.c >&5
conftest.c:78:10: fatal error: vfork.h: No such file or directory
 #include <vfork.h>
          ^~~~~~~~~
compilation terminated.
configure:20360: $? = 1
configure: failed program was:
| /* confdefs.h.  */
| 
| #define PACKAGE_NAME "meme"
| #define PACKAGE_TARNAME "meme"
| #define PACKAGE_VERSION "4.6.0"
| #define PACKAGE_STRING "meme 4.6.0"
| #define PACKAGE_BUGREPORT ""
| #define PACKAGE "meme"
| #define VERSION "4.6.0"
| #define STDC_HEADERS 1
| #define HAVE_SYS_TYPES_H 1
| #define HAVE_SYS_STAT_H 1
| #define HAVE_STDLIB_H 1
| #define HAVE_STRING_H 1
| #define HAVE_MEMORY_H 1
| #define HAVE_STRINGS_H 1
| #define HAVE_INTTYPES_H 1
| #define HAVE_STDINT_H 1
| #define HAVE_UNISTD_H 1
| #define HAVE_DLFCN_H 1
| #ifdef __cplusplus
| extern "C" void std::exit (int) throw (); using std::exit;
| #endif
| #define HOSTNAME "gimme"
| #define HAVE_LIBM 1
| #define STDC_HEADERS 1
| #define HAVE_SYS_WAIT_H 1
| #define HAVE_ARPA_INET_H 1
| #define HAVE_CTYPE_H 1
| #define HAVE_FCNTL_H 1
| #define HAVE_LIMITS_H 1
| #define HAVE_NETDB_H 1
| #define HAVE_NETINET_IN_H 1
| #define HAVE_STDLIB_H 1
| #define HAVE_STRING_H 1
| #define HAVE_STRINGS_H 1
| #define HAVE_SYS_SOCKET_H 1
| #define HAVE_SYS_TIME_H 1
| #define HAVE_UNISTD_H 1
| #define HAVE__BOOL 1
| #define HAVE_STDBOOL_H 1
| #define HAVE_UNISTD_H 1
| /* end confdefs.h.  */
| #include <stdio.h>
| #if HAVE_SYS_TYPES_H
| # include <sys/types.h>
| #endif
| #if HAVE_SYS_STAT_H
| # include <sys/stat.h>
| #endif
| #if STDC_HEADERS
| # include <stdlib.h>
| # include <stddef.h>
| #else
| # if HAVE_STDLIB_H
| #  include <stdlib.h>
| # endif
| #endif
| #if HAVE_STRING_H
| # if !STDC_HEADERS && HAVE_MEMORY_H
| #  include <memory.h>
| # endif
| # include <string.h>
| #endif
| #if HAVE_STRINGS_H
| # include <strings.h>
| #endif
| #if HAVE_INTTYPES_H
| # include <inttypes.h>
| #else
| # if HAVE_STDINT_H
| #  include <stdint.h>
| # endif
| #endif
| #if HAVE_UNISTD_H
| # include <unistd.h>
| #endif
| #include <vfork.h>
configure:20383: result: no
configure:20387: checking vfork.h presence
configure:20397: gcc -E  conftest.c
conftest.c:44:10: fatal error: vfork.h: No such file or directory
 #include <vfork.h>
          ^~~~~~~~~
compilation terminated.
configure:20403: $? = 1
configure: failed program was:
| /* confdefs.h.  */
| 
| #define PACKAGE_NAME "meme"
| #define PACKAGE_TARNAME "meme"
| #define PACKAGE_VERSION "4.6.0"
| #define PACKAGE_STRING "meme 4.6.0"
| #define PACKAGE_BUGREPORT ""
| #define PACKAGE "meme"
| #define VERSION "4.6.0"
| #define STDC_HEADERS 1
| #define HAVE_SYS_TYPES_H 1
| #define HAVE_SYS_STAT_H 1
| #define HAVE_STDLIB_H 1
| #define HAVE_STRING_H 1
| #define HAVE_MEMORY_H 1
| #define HAVE_STRINGS_H 1
| #define HAVE_INTTYPES_H 1
| #define HAVE_STDINT_H 1
| #define HAVE_UNISTD_H 1
| #define HAVE_DLFCN_H 1
| #ifdef __cplusplus
| extern "C" void std::exit (int) throw (); using std::exit;
| #endif
| #define HOSTNAME "gimme"
| #define HAVE_LIBM 1
| #define STDC_HEADERS 1
| #define HAVE_SYS_WAIT_H 1
| #define HAVE_ARPA_INET_H 1
| #define HAVE_CTYPE_H 1
| #define HAVE_FCNTL_H 1
| #define HAVE_LIMITS_H 1
| #define HAVE_NETDB_H 1
| #define HAVE_NETINET_IN_H 1
| #define HAVE_STDLIB_H 1
| #define HAVE_STRING_H 1
| #define HAVE_STRINGS_H 1
| #define HAVE_SYS_SOCKET_H 1
| #define HAVE_SYS_TIME_H 1
| #define HAVE_UNISTD_H 1
| #define HAVE__BOOL 1
| #define HAVE_STDBOOL_H 1
| #define HAVE_UNISTD_H 1
| /* end confdefs.h.  */
| #include <vfork.h>
configure:20423: result: no
configure:20458: checking for vfork.h
configure:20465: result: no
configure:20483: checking for fork
configure:20540: gcc -o conftest -g -O2   conftest.c -lm  >&5
conftest.c:68:6: warning: conflicting types for built-in function 'fork' [-Wbuiltin-declaration-mismatch]
 char fork ();
      ^~~~
configure:20546: $? = 0
configure:20550: test -z 
			 || test ! -s conftest.err
configure:20553: $? = 0
configure:20556: test -s conftest
configure:20559: $? = 0
configure:20571: result: yes
configure:20483: checking for vfork
configure:20540: gcc -o conftest -g -O2   conftest.c -lm  >&5
configure:20546: $? = 0
configure:20550: test -z 
			 || test ! -s conftest.err
configure:20553: $? = 0
configure:20556: test -s conftest
configure:20559: $? = 0
configure:20571: result: yes
configure:20582: checking for working fork
configure:20605: gcc -o conftest -g -O2   conftest.c -lm  >&5
conftest.c: In function 'main':
conftest.c:9:6: warning: implicit declaration of function 'fork' [-Wimplicit-function-declaration]
  if (fork() < 0)
      ^~~~
conftest.c:10:4: warning: implicit declaration of function 'exit' [-Wimplicit-function-declaration]
    exit (1);
    ^~~~
conftest.c:10:4: warning: incompatible implicit declaration of built-in function 'exit'
conftest.c:10:4: note: include '<stdlib.h>' or provide a declaration of 'exit'
conftest.c:11:2: warning: incompatible implicit declaration of built-in function 'exit'
  exit (0);
  ^~~~
conftest.c:11:2: note: include '<stdlib.h>' or provide a declaration of 'exit'
configure:20608: $? = 0
configure:20610: ./conftest
configure:20613: $? = 0
configure:20627: result: yes
configure:20648: checking for working vfork
configure:20781: result: yes
configure:20817: checking for stdlib.h
configure:20822: result: yes
configure:20962: checking for GNU libc compatible malloc
configure:20991: gcc -o conftest -g -O2   conftest.c -lm  >&5
configure:20994: $? = 0
configure:20996: ./conftest
configure:20999: $? = 0
configure:21013: result: yes
configure:21048: checking for stdlib.h
configure:21053: result: yes
configure:21193: checking for GNU libc compatible realloc
configure:21222: gcc -o conftest -g -O2   conftest.c -lm  >&5
configure:21225: $? = 0
configure:21227: ./conftest
configure:21230: $? = 0
configure:21244: result: yes
configure:21274: checking return type of signal handlers
configure:21305: gcc -c -g -O2  conftest.c >&5
configure:21311: $? = 0
configure:21315: test -z 
			 || test ! -s conftest.err
configure:21318: $? = 0
configure:21321: test -s conftest.o
configure:21324: $? = 0
configure:21335: result: void
configure:21343: checking whether lstat dereferences a symlink specified with a trailing slash
configure:21374: gcc -o conftest -g -O2   conftest.c -lm  >&5
configure:21377: $? = 0
configure:21379: ./conftest
configure:21382: $? = 0
configure:21403: result: yes
configure:21424: checking whether stat accepts an empty string
configure:21449: gcc -o conftest -g -O2   conftest.c -lm  >&5
configure:21452: $? = 0
configure:21454: ./conftest
configure:21457: $? = 1
configure: program exited with status 1
configure: failed program was:
| /* confdefs.h.  */
| 
| #define PACKAGE_NAME "meme"
| #define PACKAGE_TARNAME "meme"
| #define PACKAGE_VERSION "4.6.0"
| #define PACKAGE_STRING "meme 4.6.0"
| #define PACKAGE_BUGREPORT ""
| #define PACKAGE "meme"
| #define VERSION "4.6.0"
| #define STDC_HEADERS 1
| #define HAVE_SYS_TYPES_H 1
| #define HAVE_SYS_STAT_H 1
| #define HAVE_STDLIB_H 1
| #define HAVE_STRING_H 1
| #define HAVE_MEMORY_H 1
| #define HAVE_STRINGS_H 1
| #define HAVE_INTTYPES_H 1
| #define HAVE_STDINT_H 1
| #define HAVE_UNISTD_H 1
| #define HAVE_DLFCN_H 1
| #ifdef __cplusplus
| extern "C" void std::exit (int) throw (); using std::exit;
| #endif
| #define HOSTNAME "gimme"
| #define HAVE_LIBM 1
| #define STDC_HEADERS 1
| #define HAVE_SYS_WAIT_H 1
| #define HAVE_ARPA_INET_H 1
| #define HAVE_CTYPE_H 1
| #define HAVE_FCNTL_H 1
| #define HAVE_LIMITS_H 1
| #define HAVE_NETDB_H 1
| #define HAVE_NETINET_IN_H 1
| #define HAVE_STDLIB_H 1
| #define HAVE_STRING_H 1
| #define HAVE_STRINGS_H 1
| #define HAVE_SYS_SOCKET_H 1
| #define HAVE_SYS_TIME_H 1
| #define HAVE_UNISTD_H 1
| #define HAVE__BOOL 1
| #define HAVE_STDBOOL_H 1
| #define HAVE_UNISTD_H 1
| #define HAVE_FORK 1
| #define HAVE_VFORK 1
| #define HAVE_WORKING_VFORK 1
| #define HAVE_WORKING_FORK 1
| #define HAVE_STDLIB_H 1
| #define HAVE_MALLOC 1
| #define HAVE_STDLIB_H 1
| #define HAVE_REALLOC 1
| #define RETSIGTYPE void
| #define LSTAT_FOLLOWS_SLASHED_SYMLINK 1
| /* end confdefs.h.  */
| #include <stdio.h>
| #if HAVE_SYS_TYPES_H
| # include <sys/types.h>
| #endif
| #if HAVE_SYS_STAT_H
| # include <sys/stat.h>
| #endif
| #if STDC_HEADERS
| # include <stdlib.h>
| # include <stddef.h>
| #else
| # if HAVE_STDLIB_H
| #  include <stdlib.h>
| # endif
| #endif
| #if HAVE_STRING_H
| # if !STDC_HEADERS && HAVE_MEMORY_H
| #  include <memory.h>
| # endif
| # include <string.h>
| #endif
| #if HAVE_STRINGS_H
| # include <strings.h>
| #endif
| #if HAVE_INTTYPES_H
| # include <inttypes.h>
| #else
| # if HAVE_STDINT_H
| #  include <stdint.h>
| # endif
| #endif
| #if HAVE_UNISTD_H
| # include <unistd.h>
| #endif
| int
| main ()
| {
| struct stat sbuf;
|   exit (stat ("", &sbuf) ? 1 : 0);
|   ;
|   return 0;
| }
configure:21471: result: no
configure:21506: checking for floor
configure:21563: gcc -o conftest -g -O2   conftest.c -lm  >&5
conftest.c:78:6: warning: conflicting types for built-in function 'floor' [-Wbuiltin-declaration-mismatch]
 char floor ();
      ^~~~~
configure:21569: $? = 0
configure:21573: test -z 
			 || test ! -s conftest.err
configure:21576: $? = 0
configure:21579: test -s conftest
configure:21582: $? = 0
configure:21594: result: yes
configure:21506: checking for getcwd
configure:21563: gcc -o conftest -g -O2   conftest.c -lm  >&5
configure:21569: $? = 0
configure:21573: test -z 
			 || test ! -s conftest.err
configure:21576: $? = 0
configure:21579: test -s conftest
configure:21582: $? = 0
configure:21594: result: yes
configure:21506: checking for gethostbyname
configure:21563: gcc -o conftest -g -O2   conftest.c -lm  >&5
configure:21569: $? = 0
configure:21573: test -z 
			 || test ! -s conftest.err
configure:21576: $? = 0
configure:21579: test -s conftest
configure:21582: $? = 0
configure:21594: result: yes
configure:21506: checking for isascii
configure:21563: gcc -o conftest -g -O2   conftest.c -lm  >&5
conftest.c:81:6: warning: conflicting types for built-in function 'isascii' [-Wbuiltin-declaration-mismatch]
 char isascii ();
      ^~~~~~~
configure:21569: $? = 0
configure:21573: test -z 
			 || test ! -s conftest.err
configure:21576: $? = 0
configure:21579: test -s conftest
configure:21582: $? = 0
configure:21594: result: yes
configure:21506: checking for memset
configure:21563: gcc -o conftest -g -O2   conftest.c -lm  >&5
conftest.c:82:6: warning: conflicting types for built-in function 'memset' [-Wbuiltin-declaration-mismatch]
 char memset ();
      ^~~~~~
configure:21569: $? = 0
configure:21573: test -z 
			 || test ! -s conftest.err
configure:21576: $? = 0
configure:21579: test -s conftest
configure:21582: $? = 0
configure:21594: result: yes
configure:21506: checking for pow
configure:21563: gcc -o conftest -g -O2   conftest.c -lm  >&5
conftest.c:83:6: warning: conflicting types for built-in function 'pow' [-Wbuiltin-declaration-mismatch]
 char pow ();
      ^~~
configure:21569: $? = 0
configure:21573: test -z 
			 || test ! -s conftest.err
configure:21576: $? = 0
configure:21579: test -s conftest
configure:21582: $? = 0
configure:21594: result: yes
configure:21506: checking for rint
configure:21563: gcc -o conftest -g -O2   conftest.c -lm  >&5
conftest.c:84:6: warning: conflicting types for built-in function 'rint' [-Wbuiltin-declaration-mismatch]
 char rint ();
      ^~~~
configure:21569: $? = 0
configure:21573: test -z 
			 || test ! -s conftest.err
configure:21576: $? = 0
configure:21579: test -s conftest
configure:21582: $? = 0
configure:21594: result: yes
configure:21506: checking for socket
configure:21563: gcc -o conftest -g -O2   conftest.c -lm  >&5
configure:21569: $? = 0
configure:21573: test -z 
			 || test ! -s conftest.err
configure:21576: $? = 0
configure:21579: test -s conftest
configure:21582: $? = 0
configure:21594: result: yes
configure:21506: checking for sqrt
configure:21563: gcc -o conftest -g -O2   conftest.c -lm  >&5
conftest.c:86:6: warning: conflicting types for built-in function 'sqrt' [-Wbuiltin-declaration-mismatch]
 char sqrt ();
      ^~~~
configure:21569: $? = 0
configure:21573: test -z 
			 || test ! -s conftest.err
configure:21576: $? = 0
configure:21579: test -s conftest
configure:21582: $? = 0
configure:21594: result: yes
configure:21506: checking for strchr
configure:21563: gcc -o conftest -g -O2   conftest.c -lm  >&5
conftest.c:87:6: warning: conflicting types for built-in function 'strchr' [-Wbuiltin-declaration-mismatch]
 char strchr ();
      ^~~~~~
configure:21569: $? = 0
configure:21573: test -z 
			 || test ! -s conftest.err
configure:21576: $? = 0
configure:21579: test -s conftest
configure:21582: $? = 0
configure:21594: result: yes
configure:21506: checking for strcspn
configure:21563: gcc -o conftest -g -O2   conftest.c -lm  >&5
conftest.c:88:6: warning: conflicting types for built-in function 'strcspn' [-Wbuiltin-declaration-mismatch]
 char strcspn ();
      ^~~~~~~
configure:21569: $? = 0
configure:21573: test -z 
			 || test ! -s conftest.err
configure:21576: $? = 0
configure:21579: test -s conftest
configure:21582: $? = 0
configure:21594: result: yes
configure:21506: checking for strdup
configure:21563: gcc -o conftest -g -O2   conftest.c -lm  >&5
conftest.c:89:6: warning: conflicting types for built-in function 'strdup' [-Wbuiltin-declaration-mismatch]
 char strdup ();
      ^~~~~~
configure:21569: $? = 0
configure:21573: test -z 
			 || test ! -s conftest.err
configure:21576: $? = 0
configure:21579: test -s conftest
configure:21582: $? = 0
configure:21594: result: yes
configure:21506: checking for strspn
configure:21563: gcc -o conftest -g -O2   conftest.c -lm  >&5
conftest.c:90:6: warning: conflicting types for built-in function 'strspn' [-Wbuiltin-declaration-mismatch]
 char strspn ();
      ^~~~~~
configure:21569: $? = 0
configure:21573: test -z 
			 || test ! -s conftest.err
configure:21576: $? = 0
configure:21579: test -s conftest
configure:21582: $? = 0
configure:21594: result: yes
configure:21506: checking for strstr
configure:21563: gcc -o conftest -g -O2   conftest.c -lm  >&5
conftest.c:91:6: warning: conflicting types for built-in function 'strstr' [-Wbuiltin-declaration-mismatch]
 char strstr ();
      ^~~~~~
configure:21569: $? = 0
configure:21573: test -z 
			 || test ! -s conftest.err
configure:21576: $? = 0
configure:21579: test -s conftest
configure:21582: $? = 0
configure:21594: result: yes
configure:21608: checking for strlcpy
configure:21665: gcc -o conftest -g -O2   conftest.c -lm  >&5
/tmp/cc5ULquC.o: In function `main':
/home/simon/git/gimmemotifs/src/meme_4.6.0/conftest.c:108: undefined reference to `strlcpy'
/tmp/cc5ULquC.o:/home/simon/git/gimmemotifs/src/meme_4.6.0/conftest.c:99: undefined reference to `strlcpy'
collect2: error: ld returned 1 exit status
configure:21671: $? = 1
configure: failed program was:
| /* confdefs.h.  */
| 
| #define PACKAGE_NAME "meme"
| #define PACKAGE_TARNAME "meme"
| #define PACKAGE_VERSION "4.6.0"
| #define PACKAGE_STRING "meme 4.6.0"
| #define PACKAGE_BUGREPORT ""
| #define PACKAGE "meme"
| #define VERSION "4.6.0"
| #define STDC_HEADERS 1
| #define HAVE_SYS_TYPES_H 1
| #define HAVE_SYS_STAT_H 1
| #define HAVE_STDLIB_H 1
| #define HAVE_STRING_H 1
| #define HAVE_MEMORY_H 1
| #define HAVE_STRINGS_H 1
| #define HAVE_INTTYPES_H 1
| #define HAVE_STDINT_H 1
| #define HAVE_UNISTD_H 1
| #define HAVE_DLFCN_H 1
| #ifdef __cplusplus
| extern "C" void std::exit (int) throw (); using std::exit;
| #endif
| #define HOSTNAME "gimme"
| #define HAVE_LIBM 1
| #define STDC_HEADERS 1
| #define HAVE_SYS_WAIT_H 1
| #define HAVE_ARPA_INET_H 1
| #define HAVE_CTYPE_H 1
| #define HAVE_FCNTL_H 1
| #define HAVE_LIMITS_H 1
| #define HAVE_NETDB_H 1
| #define HAVE_NETINET_IN_H 1
| #define HAVE_STDLIB_H 1
| #define HAVE_STRING_H 1
| #define HAVE_STRINGS_H 1
| #define HAVE_SYS_SOCKET_H 1
| #define HAVE_SYS_TIME_H 1
| #define HAVE_UNISTD_H 1
| #define HAVE__BOOL 1
| #define HAVE_STDBOOL_H 1
| #define HAVE_UNISTD_H 1
| #define HAVE_FORK 1
| #define HAVE_VFORK 1
| #define HAVE_WORKING_VFORK 1
| #define HAVE_WORKING_FORK 1
| #define HAVE_STDLIB_H 1
| #define HAVE_MALLOC 1
| #define HAVE_STDLIB_H 1
| #define HAVE_REALLOC 1
| #define RETSIGTYPE void
| #define LSTAT_FOLLOWS_SLASHED_SYMLINK 1
| #define HAVE_FLOOR 1
| #define HAVE_GETCWD 1
| #define HAVE_GETHOSTBYNAME 1
| #define HAVE_ISASCII 1
| #define HAVE_MEMSET 1
| #define HAVE_POW 1
| #define HAVE_RINT 1
| #define HAVE_SOCKET 1
| #define HAVE_SQRT 1
| #define HAVE_STRCHR 1
| #define HAVE_STRCSPN 1
| #define HAVE_STRDUP 1
| #define HAVE_STRSPN 1
| #define HAVE_STRSTR 1
| /* end confdefs.h.  */
| /* Define strlcpy to an innocuous variant, in case <limits.h> declares strlcpy.
|    For example, HP-UX 11i <limits.h> declares gettimeofday.  */
| #define strlcpy innocuous_strlcpy
| 
| /* System header to define __stub macros and hopefully few prototypes,
|     which can conflict with char strlcpy (); below.
|     Prefer <limits.h> to <assert.h> if __STDC__ is defined, since
|     <limits.h> exists even on freestanding compilers.  */
| 
| #ifdef __STDC__
| # include <limits.h>
| #else
| # include <assert.h>
| #endif
| 
| #undef strlcpy
| 
| /* Override any gcc2 internal prototype to avoid an error.  */
| #ifdef __cplusplus
| extern "C"
| {
| #endif
| /* We use char because int might match the return type of a gcc2
|    builtin and then its argument prototype would still apply.  */
| char strlcpy ();
| /* The GNU C library defines this for functions which it implements
|     to always fail with ENOSYS.  Some functions are actually named
|     something starting with __ and the normal name is an alias.  */
| #if defined (__stub_strlcpy) || defined (__stub___strlcpy)
| choke me
| #else
| char (*f) () = strlcpy;
| #endif
| #ifdef __cplusplus
| }
| #endif
| 
| int
| main ()
| {
| return f != strlcpy;
|   ;
|   return 0;
| }
configure:21696: result: no
configure:21749: WARNING: libxml2 library not found
configure:21764: WARNING: libxslt library not found
configure:22254: checking whether to enable OpenMP multithreading support
configure:22268: result: no
configure:22446: checking for perl
configure:22476: result: /usr/bin/perl
configure:22499: checking for python
configure:22529: result: /usr/bin/python
configure:22552: checking for convert
configure:22582: result: /usr/bin/convert
configure:22606: checking for gs
configure:22636: result: /usr/bin/gs
configure:22659: checking for dot
configure:22692: result: no
configure:22937: creating ./config.status

## ---------------------- ##
## Running config.status. ##
## ---------------------- ##

This file was extended by meme config.status 4.6.0, which was
generated by GNU Autoconf 2.59.  Invocation command line was

  CONFIG_FILES    = 
  CONFIG_HEADERS  = 
  CONFIG_LINKS    = 
  CONFIG_COMMANDS = 
  $ ./config.status 

on gimme

config.status:817: creating Makefile
config.status:817: creating doc/Makefile
config.status:817: creating doc/examples/Makefile
config.status:817: creating doc/examples/compute_prior_dist_example_output_files/Makefile
config.status:817: creating doc/examples/fimo_example_output_files/Makefile
config.status:817: creating doc/examples/glam2_example_output_files/Makefile
config.status:817: creating doc/examples/glam2scan_example_output_files/Makefile
config.status:817: creating doc/examples/mast_example_output_files/Makefile
config.status:817: creating doc/examples/mcast_example_output_files/Makefile
config.status:817: creating doc/examples/meme_example_output_files/Makefile
config.status:817: creating doc/examples/sample_opal_scripts/Makefile
config.status:817: creating doc/examples/tomtom_example_output_files/Makefile
config.status:817: creating doc/images/Makefile
config.status:817: creating etc/Makefile
config.status:817: creating src/filters/Makefile
config.status:817: creating src/filters/purge/Makefile
config.status:817: creating src/filters/dust/Makefile
config.status:817: creating scripts/Makefile
config.status:817: creating src/Makefile
config.status:817: creating src/libxml2/Makefile
config.status:817: creating src/libxml2/include/Makefile
config.status:817: creating src/libxml2/include/libxml/Makefile
config.status:817: creating src/libxslt/Makefile
config.status:817: creating src/parallel/Makefile
config.status:817: creating tests/Makefile
config.status:817: creating tests/common/Makefile
config.status:817: creating tests/mast/Makefile
config.status:817: creating tests/mcast/Makefile
config.status:817: creating tests/meme/Makefile
config.status:817: creating tests/clustalw2fasta/Makefile
config.status:817: creating tests/draw-mhmm/Makefile
config.status:817: creating tests/fasta-center/Makefile
config.status:817: creating tests/fimo/Makefile
config.status:817: creating tests/mhmm/Makefile
config.status:817: creating tests/mhmms/Makefile
config.status:817: creating tests/motiph/Makefile
config.status:817: creating tests/psp-gen/Makefile
config.status:817: creating tests/gomo/Makefile
config.status:817: creating tests/tomtom/Makefile
config.status:817: creating tests/scaffold/Makefile
config.status:817: creating tests/qvalue/Makefile
config.status:817: creating tests/web/Makefile
config.status:817: creating website/Makefile
config.status:817: creating website/cgi-bin/Makefile
config.status:817: creating website/html/Makefile
config.status:817: creating website/scripts/Makefile
config.status:817: creating website/images/Makefile
config.status:921: creating config.h
config.status:1325: executing depfiles commands
configure:24367: WARNING:     The 'dot' utility can't be found.   

## ---------------- ##
## Cache variables. ##
## ---------------- ##

ac_cv_build=x86_64-unknown-linux-gnu
ac_cv_build_alias=x86_64-unknown-linux-gnu
ac_cv_c_compiler_gnu=yes
ac_cv_c_const=yes
ac_cv_cxx_compiler_gnu=yes
ac_cv_env_CC_set=
ac_cv_env_CC_value=
ac_cv_env_CFLAGS_set=
ac_cv_env_CFLAGS_value=
ac_cv_env_CPPFLAGS_set=
ac_cv_env_CPPFLAGS_value=
ac_cv_env_CPP_set=
ac_cv_env_CPP_value=
ac_cv_env_CXXCPP_set=
ac_cv_env_CXXCPP_value=
ac_cv_env_CXXFLAGS_set=
ac_cv_env_CXXFLAGS_value=
ac_cv_env_CXX_set=
ac_cv_env_CXX_value=
ac_cv_env_F77_set=
ac_cv_env_F77_value=
ac_cv_env_FFLAGS_set=
ac_cv_env_FFLAGS_value=
ac_cv_env_LDFLAGS_set=
ac_cv_env_LDFLAGS_value=
ac_cv_env_build_alias_set=
ac_cv_env_build_alias_value=
ac_cv_env_host_alias_set=
ac_cv_env_host_alias_value=
ac_cv_env_target_alias_set=
ac_cv_env_target_alias_value=
ac_cv_exeext=
ac_cv_f77_compiler_gnu=yes
ac_cv_func_floor=yes
ac_cv_func_fork=yes
ac_cv_func_fork_works=yes
ac_cv_func_getcwd=yes
ac_cv_func_gethostbyname=yes
ac_cv_func_isascii=yes
ac_cv_func_lstat_dereferences_slashed_symlink=yes
ac_cv_func_malloc_0_nonnull=yes
ac_cv_func_memset=yes
ac_cv_func_pow=yes
ac_cv_func_realloc_0_nonnull=yes
ac_cv_func_rint=yes
ac_cv_func_socket=yes
ac_cv_func_sqrt=yes
ac_cv_func_stat_empty_string_bug=no
ac_cv_func_strchr=yes
ac_cv_func_strcspn=yes
ac_cv_func_strdup=yes
ac_cv_func_strlcpy=no
ac_cv_func_strspn=yes
ac_cv_func_strstr=yes
ac_cv_func_vfork=yes
ac_cv_func_vfork_works=yes
ac_cv_header_arpa_inet_h=yes
ac_cv_header_ctype_h=yes
ac_cv_header_dlfcn_h=yes
ac_cv_header_fcntl_h=yes
ac_cv_header_inttypes_h=yes
ac_cv_header_limits_h=yes
ac_cv_header_memory_h=yes
ac_cv_header_netdb_h=yes
ac_cv_header_netinet_in_h=yes
ac_cv_header_stdbool_h=yes
ac_cv_header_stdc=yes
ac_cv_header_stdint_h=yes
ac_cv_header_stdlib_h=yes
ac_cv_header_string_h=yes
ac_cv_header_strings_h=yes
ac_cv_header_sys_socket_h=yes
ac_cv_header_sys_stat_h=yes
ac_cv_header_sys_time_h=yes
ac_cv_header_sys_types_h=yes
ac_cv_header_sys_wait_h=yes
ac_cv_header_unistd_h=yes
ac_cv_header_vfork_h=no
ac_cv_host=x86_64-unknown-linux-gnu
ac_cv_host_alias=x86_64-unknown-linux-gnu
ac_cv_lib_m_isnan=yes
ac_cv_objext=o
ac_cv_path_CONVERT=/usr/bin/convert
ac_cv_path_GHOSTSCRIPT=/usr/bin/gs
ac_cv_path_LD='/usr/bin/x86_64-linux-gnu-ld -m elf_x86_64'
ac_cv_path_PERL=/usr/bin/perl
ac_cv_path_PYTHON=/usr/bin/python
ac_cv_path_SED=/bin/sed
ac_cv_path_SENDMAIL=/usr/lib/sendmail
ac_cv_path_install='/usr/bin/install -c'
ac_cv_prog_AWK=gawk
ac_cv_prog_CPP='gcc -E'
ac_cv_prog_CXXCPP='g++ -E'
ac_cv_prog_ac_ct_AR=ar
ac_cv_prog_ac_ct_CC=gcc
ac_cv_prog_ac_ct_CXX=g++
ac_cv_prog_ac_ct_F77=f77
ac_cv_prog_ac_ct_RANLIB=ranlib
ac_cv_prog_ac_ct_STRIP=strip
ac_cv_prog_cc_g=yes
ac_cv_prog_cc_gcc_c_o=yes
ac_cv_prog_cc_stdc=
ac_cv_prog_cxx_g=yes
ac_cv_prog_egrep='grep -E'
ac_cv_prog_f77_g=yes
ac_cv_prog_make_make_set=yes
ac_cv_type__Bool=yes
ac_cv_type_pid_t=yes
ac_cv_type_signal=void
ac_cv_type_size_t=yes
am_cv_CC_dependencies_compiler_type=gcc3
am_cv_CXX_dependencies_compiler_type=gcc3
am_cv_prog_tar_pax=gnutar
lt_cv_deplibs_check_method=pass_all
lt_cv_file_magic_cmd='$MAGIC_CMD'
lt_cv_file_magic_test_file=
lt_cv_ld_reload_flag=-r
lt_cv_objdir=.libs
lt_cv_path_LD=/usr/bin/x86_64-linux-gnu-ld
lt_cv_path_LDCXX='/usr/bin/x86_64-linux-gnu-ld -m elf_x86_64'
lt_cv_path_NM='/usr/bin/nm -B'
lt_cv_path_SED=/bin/sed
lt_cv_prog_compiler_c_o=yes
lt_cv_prog_compiler_c_o_CXX=yes
lt_cv_prog_compiler_c_o_F77=yes
lt_cv_prog_compiler_rtti_exceptions=no
lt_cv_prog_gnu_ld=yes
lt_cv_prog_gnu_ldcxx=yes
lt_cv_sys_global_symbol_pipe='sed -n -e '\''s/^.*[ 	]\([ABCDGIRSTW][ABCDGIRSTW]*\)[ 	][ 	]*\([_A-Za-z][_A-Za-z0-9]*\)$/\1 \2 \2/p'\'''
lt_cv_sys_global_symbol_to_c_name_address='sed -n -e '\''s/^: \([^ ]*\) $/  {\"\1\", (lt_ptr) 0},/p'\'' -e '\''s/^[BCDEGRST] \([^ ]*\) \([^ ]*\)$/  {"\2", (lt_ptr) \&\2},/p'\'''
lt_cv_sys_global_symbol_to_cdecl='sed -n -e '\''s/^. .* \(.*\)$/extern int \1;/p'\'''
lt_cv_sys_max_cmd_len=32768
lt_lt_cv_prog_compiler_c_o='"yes"'
lt_lt_cv_prog_compiler_c_o_CXX='"yes"'
lt_lt_cv_prog_compiler_c_o_F77='"yes"'
lt_lt_cv_sys_global_symbol_pipe='"sed -n -e '\''s/^.*[ 	]\\([ABCDGIRSTW][ABCDGIRSTW]*\\)[ 	][ 	]*\\([_A-Za-z][_A-Za-z0-9]*\\)\$/\\1 \\2 \\2/p'\''"'
lt_lt_cv_sys_global_symbol_to_c_name_address='"sed -n -e '\''s/^: \\([^ ]*\\) \$/  {\\\"\\1\\\", (lt_ptr) 0},/p'\'' -e '\''s/^[BCDEGRST] \\([^ ]*\\) \\([^ ]*\\)\$/  {\"\\2\", (lt_ptr) \\&\\2},/p'\''"'
lt_lt_cv_sys_global_symbol_to_cdecl='"sed -n -e '\''s/^. .* \\(.*\\)\$/extern int \\1;/p'\''"'

## ----------------- ##
## Output variables. ##
## ----------------- ##

ACLOCAL='${SHELL} /home/simon/git/gimmemotifs/src/meme_4.6.0/config/missing --run aclocal-1.9'
AMDEPBACKSLASH='\'
AMDEP_FALSE='#'
AMDEP_TRUE=''
AMTAR='${SHELL} /home/simon/git/gimmemotifs/src/meme_4.6.0/config/missing --run tar'
ANT=''
AR='ar'
AUTOCONF='${SHELL} /home/simon/git/gimmemotifs/src/meme_4.6.0/config/missing --run autoconf'
AUTOHEADER='${SHELL} /home/simon/git/gimmemotifs/src/meme_4.6.0/config/missing --run autoheader'
AUTOMAKE='${SHELL} /home/simon/git/gimmemotifs/src/meme_4.6.0/config/missing --run automake-1.9'
AWK='gawk'
BLOCKS_URL='http://blocks.fhcrc.org/blocks-bin/process_blocks.pl'
BUILD_LIBXML2_FALSE='#'
BUILD_LIBXML2_TRUE=''
BUILD_LIBXSLT_FALSE='#'
BUILD_LIBXSLT_TRUE=''
CC='gcc'
CCDEPMODE='depmode=gcc3'
CFLAGS='-Wall -Wno-unused -DUNIX -D__USE_FIXED_PROTOTYPES__   -O3'
CONTACT='@gimme'
CONVERT='/usr/bin/convert'
CPP='gcc -E'
CPPFLAGS=''
CXX='g++'
CXXCPP='g++ -E'
CXXDEPMODE='depmode=gcc3'
CXXFLAGS='-g -O2'
CYGPATH_W='echo'
DEBUG_FLAGS=''
DEFS='-DHAVE_CONFIG_H'
DEPDIR='.deps'
DOT=''
ECHO='echo'
ECHO_C=''
ECHO_N='-n'
ECHO_T=''
EGREP='grep -E'
EXEEXT=''
F77='f77'
FFLAGS='-g -O2'
GHOSTSCRIPT='/usr/bin/gs'
GOSERVER_URL='http://amigo.geneontology.org/cgi-bin/amigo/'
HOSTNAME='gimme'
INSTALL_DATA='${INSTALL} -m 644'
INSTALL_PROGRAM='${INSTALL}'
INSTALL_SCRIPT='${INSTALL}'
INSTALL_STRIP_PROGRAM='${SHELL} $(install_sh) -c -s'
LAMBIN=''
LD='/usr/bin/x86_64-linux-gnu-ld -m elf_x86_64'
LDFLAGS=''
LIBOBJS=''
LIBS='-lm '
LIBTOOL='$(SHELL) $(top_builddir)/libtool'
LIBXML2_CFLAGS='-I${top_srcdir}/src/libxml2/include'
LIBXML2_LIBS='${top_builddir}/src/libxml2/libxml2.la'
LIBXSLT_CFLAGS='-I${top_srcdir}/src/'
LIBXSLT_LIBS='${top_builddir}/src/libxslt/libxslt.la'
LN_S='ln -s'
LTLIBOBJS=''
MACHID='linux'
MAIL=''
MAKEINFO='${SHELL} /home/simon/git/gimmemotifs/src/meme_4.6.0/config/missing --run makeinfo'
MAST_PORT=''
MAXTIME='7200'
MEME_DB='${prefix}/db'
MEME_DIRECTORY='${prefix}'
MEME_LOGS='${prefix}/LOGS'
MEME_PORT=''
METAMEME_EXTERNAL_FALSE=''
METAMEME_EXTERNAL_TRUE='#'
MPICC=''
MPIFLAGS='-DPARALLEL '
MPIINC=''
MPILIBDIR=''
MPITYPE=''
MPI_CMD=''
OBJEXT='o'
OPAL_URL='no'
OPAL_XML='no'
OPT_FLAGS='-O3'
PACKAGE='meme'
PACKAGE_BUGREPORT=''
PACKAGE_NAME='meme'
PACKAGE_STRING='meme 4.6.0'
PACKAGE_TARNAME='meme'
PACKAGE_VERSION='4.6.0'
PARALLEL_FALSE=''
PARALLEL_IS_LAM_FALSE=''
PARALLEL_IS_LAM_TRUE='#'
PARALLEL_TRUE='#'
PATH_SEPARATOR=':'
PERL='/usr/bin/perl'
PYTHON='/usr/bin/python'
RANLIB='ranlib'
SED='/bin/sed'
SENDMAIL='/usr/lib/sendmail'
SET_MAKE=''
SHELL='/bin/bash'
STRIP='strip'
URL='http://gimme/meme'
VERSION='4.6.0'
WANT_STRLCPY_FALSE='#'
WANT_STRLCPY_TRUE=''
WEBDIR='${prefix}/web'
WEBSERVICE=''
WEBSERVICE_FALSE=''
WEBSERVICE_TRUE='#'
WEBSITE_FALSE=''
WEBSITE_TRUE='#'
XML2_CONFIG=''
XSLT_CONFIG=''
ac_ct_AR='ar'
ac_ct_CC='gcc'
ac_ct_CXX='g++'
ac_ct_F77='f77'
ac_ct_RANLIB='ranlib'
ac_ct_STRIP='strip'
am__fastdepCC_FALSE='#'
am__fastdepCC_TRUE=''
am__fastdepCXX_FALSE='#'
am__fastdepCXX_TRUE=''
am__include='include'
am__leading_dot='.'
am__quote=''
am__tar='tar --format=posix -chf - "$$tardir"'
am__untar='tar -xf -'
bindir='${exec_prefix}/bin'
build='x86_64-unknown-linux-gnu'
build_alias=''
build_cpu='x86_64'
build_os='linux-gnu'
build_vendor='unknown'
datadir='${prefix}/share'
exec_prefix='${prefix}'
host='x86_64-unknown-linux-gnu'
host_alias=''
host_cpu='x86_64'
host_os='linux-gnu'
host_vendor='unknown'
includedir='${prefix}/include'
infodir='${prefix}/info'
install_sh='/home/simon/git/gimmemotifs/src/meme_4.6.0/config/install-sh'
libdir='${exec_prefix}/lib'
libexecdir='${exec_prefix}/libexec'
localstatedir='${prefix}/var'
mandir='${prefix}/man'
mkdir_p='mkdir -p --'
oldincludedir='/usr/include'
prefix='/home/simon'
program_transform_name='s,x,x,'
sbindir='${exec_prefix}/sbin'
sharedstatedir='${prefix}/com'
sysconfdir='${prefix}/etc'
target_alias=''

## ----------- ##
## confdefs.h. ##
## ----------- ##

#define CONVERT_PATH "/usr/bin/convert"
#define DOT_PATH ""
#define GHOSTSCRIPT_PATH "/usr/bin/gs"
#define HAVE_ARPA_INET_H 1
#define HAVE_CTYPE_H 1
#define HAVE_DLFCN_H 1
#define HAVE_FCNTL_H 1
#define HAVE_FLOOR 1
#define HAVE_FORK 1
#define HAVE_GETCWD 1
#define HAVE_GETHOSTBYNAME 1
#define HAVE_INTTYPES_H 1
#define HAVE_ISASCII 1
#define HAVE_LIBM 1
#define HAVE_LIMITS_H 1
#define HAVE_MALLOC 1
#define HAVE_MEMORY_H 1
#define HAVE_MEMSET 1
#define HAVE_NETDB_H 1
#define HAVE_NETINET_IN_H 1
#define HAVE_POW 1
#define HAVE_REALLOC 1
#define HAVE_RINT 1
#define HAVE_SOCKET 1
#define HAVE_SQRT 1
#define HAVE_STDBOOL_H 1
#define HAVE_STDINT_H 1
#define HAVE_STDLIB_H 1
#define HAVE_STDLIB_H 1
#define HAVE_STDLIB_H 1
#define HAVE_STDLIB_H 1
#define HAVE_STRCHR 1
#define HAVE_STRCSPN 1
#define HAVE_STRDUP 1
#define HAVE_STRINGS_H 1
#define HAVE_STRINGS_H 1
#define HAVE_STRING_H 1
#define HAVE_STRING_H 1
#define HAVE_STRSPN 1
#define HAVE_STRSTR 1
#define HAVE_SYS_SOCKET_H 1
#define HAVE_SYS_STAT_H 1
#define HAVE_SYS_TIME_H 1
#define HAVE_SYS_TYPES_H 1
#define HAVE_SYS_WAIT_H 1
#define HAVE_UNISTD_H 1
#define HAVE_UNISTD_H 1
#define HAVE_UNISTD_H 1
#define HAVE_VFORK 1
#define HAVE_WORKING_FORK 1
#define HAVE_WORKING_VFORK 1
#define HAVE__BOOL 1
#define HOSTNAME "gimme"
#define LSTAT_FOLLOWS_SLASHED_SYMLINK 1
#define Linux
#define PACKAGE "meme"
#define PACKAGE_BUGREPORT ""
#define PACKAGE_NAME "meme"
#define PACKAGE_STRING "meme 4.6.0"
#define PACKAGE_TARNAME "meme"
#define PACKAGE_VERSION "4.6.0"
#define PERL "/usr/bin/perl"
#define PYTHON "/usr/bin/python"
#define RETSIGTYPE void
#define STDC_HEADERS 1
#define STDC_HEADERS 1
#define VERSION "4.6.0"
#endif
#ifdef __cplusplus
extern "C" void std::exit (int) throw (); using std::exit;

configure: exit 0
